                                                      
       * * * * * * * * * * * * * * * * * *            
      *       ____   _____ _           _   *          
     *  /\   |  _ \ / ____| |         | |  * * * * *  
    *  /  \  | |_) | |    | |_   _ ___| |_ ___ _ __  *
   *  / /\ \ |  _ <| |    | | | | / __| __/ _ \ '__| *
  *  / ____ \| |_) | |____| | |_| \__ \ ||  __/ |  *  
  * /_/    \_\____/ \_____|_|\__,_|___/\__\___|_|  *  
  *                                                *  
  * * * * * * * * * * * * * * * * * * * * * * * * *   
                                                      

ABCluster 2.1
Specific flag:  official version
Platform:       WINDOWS
Compiled by:    pnl\zhan055@WE37103
Compiling date: May 15 2019 12:55:42
C++ compiler:   g++.exe (x86_64-posix-seh-rev0, Built by MinGW-W64 project) 8.1.0
C++ options:    -O3 -Os -fno-exceptions --std=c++0x -fopenmp  -static-libstdc++ -static-libgcc -static -mavx -msse4 

Contributors:
Jun Zhang(University of Cologne): Design and coding.

For any suggestions, comments, and questions on the theory and
implementation of ABCluster, please feel free to contact:

Dr. Jun Zhang, ZhangJunQcc@gmail.com

If you used this program in your work, please cite these references:

[1] Zhang, J.; Dolg, M.; ABCluster: The Artificial Bee Colony Algorithm for
    Cluster Global Optimization. Phys. Chem. Chem. Phys. 2015, 17, 24173-24181.
[2] Zhang, J.; Dolg, M.; Global Optimization of Clusters of Rigid Molecules by the
    Artificial Bee Colony Algorithm. Phys. Chem. Chem. Phys. 2016, 18, 3003-3010.

Program starts at Thu May 23 11:26:29 2019.
Command line: " ..\..\..\lego.exe ni38co36-micelle.inp "
Process ID:   10060
Run by:       zhan055@WE37103
Available CPU cores:    8
Read "OMP_NUM_THREADS": Unset

Random number testing (integers): 2640...28669
Random number testing (fractals): 0.54883965...0.71604469

 -- Input/Output Parameters --
Input file name:       ni38co36-micelle.inp
Cluster file name:     ni38co36.cluster
Result file directory: ni38co36-micelle-LM

 -- Cluster Components: from [ ni38co36.cluster ] --
 -------------------------------------------------
   Source                                       #
 -------------------------------------------------
   ni38.xyz                                     1
   co.xyz                                      36
 -------------------------------------------------

 -- Structure Generation --
   0 ni38.xyz: Center fixed at position (0.000, 0.000, 0.000) with rotation (0.000, 0.000, 0.000).
   1 co.xyz: Form micelle-like structure with axis 1 - 2 along the normal centered at (0.000, 0.000, 0.000), core radius (5.000, 5.000, 5.000).

 -- External Commands --
cp $inp$ $out$
lammps4abc-1.py $inp$ data.abc -20. +20. -20. 20. -20. +20. 0 0 0 3 Ni C O
set NUMBER_OF_PROCESSORS=8 & lmp_serial < in.abc > out.abc 2>nul
lammps4abc-2.py dump.abc.xyz out.abc $out$ 3 Ni C O
rm -rf log.cite log.lammps data.abc out.abc dump.abc.xyz

 -- Lego Optimization --
Will perform at most 300 calculations.
A coarse optimization will be done for each generated structure.
===============================================================
    #          Energy       Time   State
===============================================================
    0 -12865.06062548          2   Succeed
    1 -12557.12671683          2   Succeed
    2 -12483.00680604          2   Succeed
    3 -11971.15420424          1   Succeed
    4 -12502.30058308          1   Succeed
    5 -12415.11492080          2   Succeed
    6 -12632.99940909          2   Succeed
    7  -9994.60454885          1   Succeed
    8 -12650.43809196          1   Succeed
    9 -12768.26703181          2   Succeed
   10 -12368.85510275          2   Succeed
   11 -12492.17489055          2   Succeed
   12 -11855.95222854          1   Succeed
   13 -12023.22294858          1   Succeed
   14 -12662.06507120          3   Succeed
   15 -12112.28016549          1   Succeed
   16 -12152.40416057          1   Succeed
   17 -12663.29566820          2   Succeed
   18 -11892.54722322          1   Succeed
   19 -12439.80844954          1   Succeed
   20 -11859.28984811          1   Succeed
   21 -11926.26841294          2   Succeed
   22 -12496.71784730          1   Succeed
   23 -12645.25608049          2   Succeed
   24 -12467.76379358          2   Succeed
   25 -12620.48281358          2   Succeed
   26 -12003.01840997          1   Succeed
   27 -12441.65394103          1   Succeed
   28 -12744.03617286          3   Succeed
   29 -12542.10738167          1   Succeed
   30 -12548.95552801          2   Succeed
   31 -12523.26223429          2   Succeed
   32 -12568.78236949          2   Succeed
   33 -11966.04356875          1   Succeed
   34 -12343.35713274          2   Succeed
   35 -12614.31483705          2   Succeed
   36 -12191.06229498          2   Succeed
   37 -12571.79185368          2   Succeed
   38 -12739.48319386          2   Succeed
   39 -12698.90258091          2   Succeed
   40 -12217.59891814          2   Succeed
   41 -12805.67415049          2   Succeed
   42 -12401.22755775          2   Succeed
   43 -12233.72295974          2   Succeed
   44 -12450.99123761          2   Succeed
   45 -11908.90479930          1   Succeed
   46 -11919.11519162          1   Succeed
   47 -12777.61210505          1   Succeed
   48 -12519.04343138          1   Succeed
   49 -12514.02436548          2   Succeed
   50 -12956.49251217          2   Succeed
   51 -12756.35578670          3   Succeed
   52 -12557.98431540          1   Succeed
   53 -12256.65182680          2   Succeed
   54 -12486.57822814          2   Succeed
   55 -11749.56997246          1   Succeed
   56 -12466.76184914          1   Succeed
   57 -11953.08649728          1   Succeed
   58 -12591.21211112          2   Succeed
   59 -12620.86912816          2   Succeed
   60 -11803.37085149          1   Succeed
   61 -12213.92993590          2   Succeed
   62 -12266.11813525          1   Succeed
   63 -12016.10369200          1   Succeed
   64 -12449.94527656          2   Succeed
   65 -12385.60047835          1   Succeed
   66 -12603.22284327          2   Succeed
   67 -12521.60031369          2   Succeed
   68 -11898.26929223          1   Succeed
   69 -12645.75554345          2   Succeed
   70 -12524.55343262          2   Succeed
   71 -12503.51357089          1   Succeed
   72 -12547.48881588          2   Succeed
   73 -12592.16103412          1   Succeed
   74 -12740.26270675          3   Succeed
   75 -11835.11295795          1   Succeed
   76 -12409.92574534          3   Succeed
   77 -12770.32639922          2   Succeed
   78 -12591.09454485          2   Succeed
   79 -12514.87237970          2   Succeed
   80 -12374.88554179          2   Succeed
   81 -12676.73804589          3   Succeed
   82 -12429.97770451          1   Succeed
   83 -12545.95075845          3   Succeed
   84 -12570.71943091          2   Succeed
   85 -12335.73758138          2   Succeed
   86 -12750.62252366          2   Succeed
   87 -12461.47344147          1   Succeed
   88 -12389.31746092          2   Succeed
   89 -12367.90252885          2   Succeed
   90 -12637.68575969          3   Succeed
   91 -12552.52516805          2   Succeed
   92 -11817.58305642          1   Succeed
   93 -12944.17259119          2   Succeed
   94 -12384.28962663          2   Succeed
   95 -12623.82575669          1   Succeed
   96 -12698.07952102          2   Succeed
   97 -12669.40978375          2   Succeed
   98 -11544.41984312          1   Succeed
   99 -12345.14087456          1   Succeed
  100 -11864.58889283          1   Succeed
  101 -12218.45345774          2   Succeed
  102 -12348.80224909          1   Succeed
  103 -12404.79378618          3   Succeed
  104 -12361.96733866          3   Succeed
  105 -12597.17179058          3   Succeed
  106 -11874.87553244          1   Succeed
  107 -12385.70657773          1   Succeed
  108 -12559.16724271          2   Succeed
  109 -12687.03788265          2   Succeed
  110 -12815.18876863          3   Succeed
  111 -12185.94009597          2   Succeed
  112 -12509.09344636          2   Succeed
  113 -12620.15084580          2   Succeed
  114 -12615.98901257          2   Succeed
  115 -12422.47020316          1   Succeed
  116 -12609.82060061          3   Succeed
  117 -12126.43898292          2   Succeed
  118 -11754.79131048          0   Succeed
  119 -12633.13394700          3   Succeed
  120 -12479.32484672          2   Succeed
  121 -11749.51417897          1   Succeed
  122 -12375.13021985          2   Succeed
  123 -12800.55897073          2   Succeed
  124 -12693.97877019          3   Succeed
  125 -11764.96145232          1   Succeed
  126 -12387.19546824          2   Succeed
  127 -12469.25113915          1   Succeed
  128 -12445.39279774          2   Succeed
  129 -12976.68769763          2   Succeed
  130 -11954.77403215          1   Succeed
  131 -12783.05930547          1   Succeed
  132 -12042.61310310          2   Succeed
  133 -12893.10459741          2   Succeed
  134 -12241.67478708          1   Succeed
  135 -12505.10784873          2   Succeed
  136 -12667.27660403          2   Succeed
  137 -12380.52764982          1   Succeed
  138 -12501.40663818          2   Succeed
  139 -12472.23036758          2   Succeed
  140 -12237.37554818          2   Succeed
  141 -12300.22008367          1   Succeed
  142 -12932.57526634          2   Succeed
  143 -11878.67104426          2   Succeed
  144 -12714.10505369          2   Succeed
  145 -12752.93584298          3   Succeed
  146 -12873.16227615          2   Succeed
  147 -12409.35857443          2   Succeed
  148 -12605.47063348          2   Succeed
  149 -12678.16840217          1   Succeed
  150 -12735.80710272          2   Succeed
  151 -12116.57107907          1   Succeed
  152 -12108.45904204          2   Succeed
  153 -12430.11022029          1   Succeed
  154 -12311.13095151          2   Succeed
  155 -12633.24544168          2   Succeed
  156 -12546.64176263          1   Succeed
  157 -11619.79472593          1   Succeed
  158 -12732.58544091          3   Succeed
  159 -12568.65054597          2   Succeed
  160 -12689.00402715          1   Succeed
  161 -12705.75760465          3   Succeed
  162 -11893.24682082          1   Succeed
  163 -12588.43828759          2   Succeed
  164 -12308.72104708          1   Succeed
  165 -12900.91235564          2   Succeed
  166 -12587.05085411          2   Succeed
  167 -12055.30700290          1   Succeed
  168 -12621.66875640          2   Succeed
  169 -12819.31104646          1   Succeed
  170 -12588.65848131          2   Succeed
  171 -12698.21729009          2   Succeed
  172 -12646.30862374          3   Succeed
  173 -11371.20687325          1   Succeed
  174 -11833.35147792          1   Succeed
  175 -12588.62722956          2   Succeed
  176 -11910.49921005          1   Succeed
  177 -12626.48211342          2   Succeed
  178 -12107.23249003          1   Succeed
  179 -12715.25928798          2   Succeed
  180 -12050.51459765          1   Succeed
  181 -12352.78769224          2   Succeed
  182 -12874.06769430          3   Succeed
  183 -12694.65257498          3   Succeed
  184 -11874.40951339          1   Succeed
  185 -12166.16133440          1   Succeed
  186 -12484.83126982          2   Succeed
  187 -12601.52125765          2   Succeed
  188 -12328.10290603          1   Succeed
  189 -12593.75083948          1   Succeed
  190 -12671.51853460          2   Succeed
  191 -12424.57169875          2   Succeed
  192 -12403.80755679          1   Succeed
  193 -12396.98158304          3   Succeed
  194 -12741.64350117          2   Succeed
  195 -11859.07127322          1   Succeed
  196 -12345.67765357          1   Succeed
  197 -12802.21709985          2   Succeed
  198 -12418.51542324          2   Succeed
  199 -12259.68836480          1   Succeed
  200 -12030.28018158          1   Succeed
  201 -12332.44982969          2   Succeed
  202 -12361.36545535          2   Succeed
  203 -12649.33022046          3   Succeed
  204 -12443.01015465          2   Succeed
  205 -12080.87358080          1   Succeed
  206 -12199.57223973          1   Succeed
  207 -12410.37675190          2   Succeed
  208 -12681.09505856          2   Succeed
  209 -12141.71752316          3   Succeed
  210 -12315.77119810          1   Succeed
  211 -12662.24677341          3   Succeed
  212 -12474.54147607          2   Succeed
  213 -11906.58633821          1   Succeed
  214 -12366.43118611          2   Succeed
  215 -12694.65885692          2   Succeed
  216 -12742.49631917          3   Succeed
  217 -12631.67463266          2   Succeed
  218 -12307.17363522          2   Succeed
  219 -12394.06205945          3   Succeed
  220 -12174.63011254          1   Succeed
  221 -12496.04146670          3   Succeed
  222 -12296.99728562          1   Succeed
  223 -12108.08309022          2   Succeed
  224 -12594.00775133          2   Succeed
  225 -10055.57522690          1   Succeed
  226 -12723.56961499          2   Succeed
  227 -12226.74154633          2   Succeed
  228 -12489.59757948          1   Succeed
  229 -12595.67250753          2   Succeed
  230 -12658.64734550          1   Succeed
  231 -12617.02439942          2   Succeed
  232 -12653.42503227          3   Succeed
  233 -12598.33600108          1   Succeed
  234 -12252.57443809          2   Succeed
  235 -12502.66245839          2   Succeed
  236 -12251.13368515          3   Succeed
  237 -10190.01866385          0   Succeed
  238 -12575.68649504          2   Succeed
  239 -12779.30478434          2   Succeed
  240 -12547.35664650          2   Succeed
  241 -12780.81347821          2   Succeed
  242 -12354.82394736          1   Succeed
  243 -11761.04730259          1   Succeed
  244 -12294.20141749          2   Succeed
  245 -12132.29869368          2   Succeed
  246 -12512.97965020          2   Succeed
  247 -12337.18474902          1   Succeed
  248 -12806.56971434          3   Succeed
  249 -12517.28195986          1   Succeed
  250 -12844.91694898          2   Succeed
  251 -12686.21816398          1   Succeed
  252 -12395.71849529          2   Succeed
  253 -12357.03609720          2   Succeed
  254 -12543.47273832          2   Succeed
  255 -12141.53461795          1   Succeed
  256 -12640.97504788          2   Succeed
  257 -11820.12739505          1   Succeed
  258 -12252.73093879          1   Succeed
  259 -12436.84778019          1   Succeed
  260 -12333.87704779          2   Succeed
  261 -11709.80334535          1   Succeed
  262 -12324.75201038          1   Succeed
  263 -12596.32509163          3   Succeed
  264 -12809.53698053          2   Succeed
  265 -12574.58174907          1   Succeed
  266 -12483.28187890          2   Succeed
  267 -12824.79556161          3   Succeed
  268 -12115.23495052          2   Succeed
  269 -12404.27502750          2   Succeed
  270 -12331.93373210          2   Succeed
  271 -12004.83469497          1   Succeed
  272 -11855.95976769          1   Succeed
  273 -12013.43024403          1   Succeed
  274 -12028.54230928          1   Succeed
  275 -12563.25902070          2   Succeed
  276 -12324.68346250          1   Succeed
  277 -12335.42293120          1   Succeed
  278 -12760.13060216          4   Succeed
  279 -12768.60403204          2   Succeed
  280 -12315.61083181          2   Succeed
  281 -12259.65973427          2   Succeed
  282 -12670.60366876          2   Succeed
  283 -11984.71793704          2   Succeed
  284 -12602.41804790          2   Succeed
  285 -12518.36813579          2   Succeed
  286 -12338.34316991          2   Succeed
  287 -12557.21089975          3   Succeed
  288 -12691.16175412          2   Succeed
  289 -12745.93728462          2   Succeed
  290 -12535.54717232          2   Succeed
  291 -11865.41405161          1   Succeed
  292 -12086.95311064          1   Succeed
  293 -12451.86671128          2   Succeed
  294 -12830.70232988          3   Succeed
  295 -11762.25399830          0   Succeed
  296 -12470.85769568          2   Succeed
  297 -12459.81506186          2   Succeed
  298 -11804.41989710          1   Succeed
  299 -12328.61173550          2   Succeed
===============================================================
All the calculations are finished!

Reordered from low to high energy:
===============================================================
    #          Energy
===============================================================
  129 -12976.68769763
   50 -12956.49251217
   93 -12944.17259119
  142 -12932.57526634
  165 -12900.91235564
  133 -12893.10459741
  182 -12874.06769430
  146 -12873.16227615
    0 -12865.06062548
  250 -12844.91694898
  294 -12830.70232988
  267 -12824.79556161
  169 -12819.31104646
  110 -12815.18876863
  264 -12809.53698053
  248 -12806.56971434
   41 -12805.67415049
  197 -12802.21709985
  123 -12800.55897073
  131 -12783.05930547
  241 -12780.81347821
  239 -12779.30478434
   47 -12777.61210505
   77 -12770.32639922
  279 -12768.60403204
    9 -12768.26703181
  278 -12760.13060216
   51 -12756.35578670
  145 -12752.93584298
   86 -12750.62252366
  289 -12745.93728462
   28 -12744.03617286
  216 -12742.49631917
  194 -12741.64350117
   74 -12740.26270675
   38 -12739.48319386
  150 -12735.80710272
  158 -12732.58544091
  226 -12723.56961499
  179 -12715.25928798
  144 -12714.10505369
  161 -12705.75760465
   39 -12698.90258091
  171 -12698.21729009
   96 -12698.07952102
  215 -12694.65885692
  183 -12694.65257498
  124 -12693.97877019
  288 -12691.16175412
  160 -12689.00402715
  109 -12687.03788265
  251 -12686.21816398
  208 -12681.09505856
  149 -12678.16840217
   81 -12676.73804589
  190 -12671.51853460
  282 -12670.60366876
   97 -12669.40978375
  136 -12667.27660403
   17 -12663.29566820
  211 -12662.24677341
   14 -12662.06507120
  230 -12658.64734550
  232 -12653.42503227
    8 -12650.43809196
  203 -12649.33022046
  172 -12646.30862374
   69 -12645.75554345
   23 -12645.25608049
  256 -12640.97504788
   90 -12637.68575969
  155 -12633.24544168
  119 -12633.13394700
    6 -12632.99940909
  217 -12631.67463266
  177 -12626.48211342
   95 -12623.82575669
  168 -12621.66875640
   59 -12620.86912816
   25 -12620.48281358
  113 -12620.15084580
  231 -12617.02439942
  114 -12615.98901257
   35 -12614.31483705
  116 -12609.82060061
  148 -12605.47063348
   66 -12603.22284327
  284 -12602.41804790
  187 -12601.52125765
  233 -12598.33600108
  105 -12597.17179058
  263 -12596.32509163
  229 -12595.67250753
  224 -12594.00775133
  189 -12593.75083948
   73 -12592.16103412
   58 -12591.21211112
   78 -12591.09454485
  170 -12588.65848131
  175 -12588.62722956
  163 -12588.43828759
  166 -12587.05085411
  238 -12575.68649504
  265 -12574.58174907
   37 -12571.79185368
   84 -12570.71943091
   32 -12568.78236949
  159 -12568.65054597
  275 -12563.25902070
  108 -12559.16724271
   52 -12557.98431540
  287 -12557.21089975
    1 -12557.12671683
   91 -12552.52516805
   30 -12548.95552801
   72 -12547.48881588
  240 -12547.35664650
  156 -12546.64176263
   83 -12545.95075845
  254 -12543.47273832
   29 -12542.10738167
  290 -12535.54717232
   70 -12524.55343262
   31 -12523.26223429
   67 -12521.60031369
   48 -12519.04343138
  285 -12518.36813579
  249 -12517.28195986
   79 -12514.87237970
   49 -12514.02436548
  246 -12512.97965020
  112 -12509.09344636
  135 -12505.10784873
   71 -12503.51357089
  235 -12502.66245839
    4 -12502.30058308
  138 -12501.40663818
   22 -12496.71784730
  221 -12496.04146670
   11 -12492.17489055
  228 -12489.59757948
   54 -12486.57822814
  186 -12484.83126982
  266 -12483.28187890
    2 -12483.00680604
  120 -12479.32484672
  212 -12474.54147607
  139 -12472.23036758
  296 -12470.85769568
  127 -12469.25113915
   24 -12467.76379358
   56 -12466.76184914
   87 -12461.47344147
  297 -12459.81506186
  293 -12451.86671128
   44 -12450.99123761
   64 -12449.94527656
  128 -12445.39279774
  204 -12443.01015465
   27 -12441.65394103
   19 -12439.80844954
  259 -12436.84778019
  153 -12430.11022029
   82 -12429.97770451
  191 -12424.57169875
  115 -12422.47020316
  198 -12418.51542324
    5 -12415.11492080
  207 -12410.37675190
   76 -12409.92574534
  147 -12409.35857443
  103 -12404.79378618
  269 -12404.27502750
  192 -12403.80755679
   42 -12401.22755775
  193 -12396.98158304
  252 -12395.71849529
  219 -12394.06205945
   88 -12389.31746092
  126 -12387.19546824
  107 -12385.70657773
   65 -12385.60047835
   94 -12384.28962663
  137 -12380.52764982
  122 -12375.13021985
   80 -12374.88554179
   10 -12368.85510275
   89 -12367.90252885
  214 -12366.43118611
  104 -12361.96733866
  202 -12361.36545535
  253 -12357.03609720
  242 -12354.82394736
  181 -12352.78769224
  102 -12348.80224909
  196 -12345.67765357
   99 -12345.14087456
   34 -12343.35713274
  286 -12338.34316991
  247 -12337.18474902
   85 -12335.73758138
  277 -12335.42293120
  260 -12333.87704779
  201 -12332.44982969
  270 -12331.93373210
  299 -12328.61173550
  188 -12328.10290603
  262 -12324.75201038
  276 -12324.68346250
  210 -12315.77119810
  280 -12315.61083181
  154 -12311.13095151
  164 -12308.72104708
  218 -12307.17363522
  141 -12300.22008367
  222 -12296.99728562
  244 -12294.20141749
   62 -12266.11813525
  199 -12259.68836480
  281 -12259.65973427
   53 -12256.65182680
  258 -12252.73093879
  234 -12252.57443809
  236 -12251.13368515
  134 -12241.67478708
  140 -12237.37554818
   43 -12233.72295974
  227 -12226.74154633
  101 -12218.45345774
   40 -12217.59891814
   61 -12213.92993590
  206 -12199.57223973
   36 -12191.06229498
  111 -12185.94009597
  220 -12174.63011254
  185 -12166.16133440
   16 -12152.40416057
  209 -12141.71752316
  255 -12141.53461795
  245 -12132.29869368
  117 -12126.43898292
  151 -12116.57107907
  268 -12115.23495052
   15 -12112.28016549
  152 -12108.45904204
  223 -12108.08309022
  178 -12107.23249003
  292 -12086.95311064
  205 -12080.87358080
  167 -12055.30700290
  180 -12050.51459765
  132 -12042.61310310
  200 -12030.28018158
  274 -12028.54230928
   13 -12023.22294858
   63 -12016.10369200
  273 -12013.43024403
  271 -12004.83469497
   26 -12003.01840997
  283 -11984.71793704
    3 -11971.15420424
   33 -11966.04356875
  130 -11954.77403215
   57 -11953.08649728
   21 -11926.26841294
   46 -11919.11519162
  176 -11910.49921005
   45 -11908.90479930
  213 -11906.58633821
   68 -11898.26929223
  162 -11893.24682082
   18 -11892.54722322
  143 -11878.67104426
  106 -11874.87553244
  184 -11874.40951339
  291 -11865.41405161
  100 -11864.58889283
   20 -11859.28984811
  195 -11859.07127322
  272 -11855.95976769
   12 -11855.95222854
   75 -11835.11295795
  174 -11833.35147792
  257 -11820.12739505
   92 -11817.58305642
  298 -11804.41989710
   60 -11803.37085149
  125 -11764.96145232
  295 -11762.25399830
  243 -11761.04730259
  118 -11754.79131048
   55 -11749.56997246
  121 -11749.51417897
  261 -11709.80334535
  157 -11619.79472593
   98 -11544.41984312
  173 -11371.20687325
  237 -10190.01866385
  225 -10055.57522690
    7  -9994.60454885
===============================================================

===== (^ _ ^) =====
Normal termination at Thu May 23 11:35:24 2019.
Total run time: 535 seconds = 0 days 0 hours 8 minutes 55 seconds.
