                                                      
       * * * * * * * * * * * * * * * * * *            
      *       ____   _____ _           _   *          
     *  /\   |  _ \ / ____| |         | |  * * * * *  
    *  /  \  | |_) | |    | |_   _ ___| |_ ___ _ __  *
   *  / /\ \ |  _ <| |    | | | | / __| __/ _ \ '__| *
  *  / ____ \| |_) | |____| | |_| \__ \ ||  __/ |  *  
  * /_/    \_\____/ \_____|_|\__,_|___/\__\___|_|  *  
  *                                                *  
  * * * * * * * * * * * * * * * * * * * * * * * * *   
                                                      

ABCluster 2.1
Specific flag:  official version
Platform:       WINDOWS
Compiled by:    pnl\zhan055@WE37103
Compiling date: May 15 2019 12:55:42
C++ compiler:   g++.exe (x86_64-posix-seh-rev0, Built by MinGW-W64 project) 8.1.0
C++ options:    -O3 -Os -fno-exceptions --std=c++0x -fopenmp  -static-libstdc++ -static-libgcc -static -mavx -msse4 

Contributors:
Jun Zhang(University of Cologne): Design and coding.

For any suggestions, comments, and questions on the theory and
implementation of ABCluster, please feel free to contact:

Dr. Jun Zhang, ZhangJunQcc@gmail.com

If you used this program in your work, please cite these references:

[1] Zhang, J.; Dolg, M.; ABCluster: The Artificial Bee Colony Algorithm for
    Cluster Global Optimization. Phys. Chem. Chem. Phys. 2015, 17, 24173-24181.
[2] Zhang, J.; Dolg, M.; Global Optimization of Clusters of Rigid Molecules by the
    Artificial Bee Colony Algorithm. Phys. Chem. Chem. Phys. 2016, 18, 3003-3010.

Program starts at Thu May 23 11:36:43 2019.
Command line: " ..\..\..\lego.exe ni38co36-onsurface.inp "
Process ID:   15248
Run by:       zhan055@WE37103
Available CPU cores:    8
Read "OMP_NUM_THREADS": Unset

Random number testing (integers): 15793...30674
Random number testing (fractals): 0.33360882...0.29172212

 -- Input/Output Parameters --
Input file name:       ni38co36-onsurface.inp
Cluster file name:     ni38co36.cluster
Result file directory: ni38co36-onsurface-LM

 -- Cluster Components: from [ ni38co36.cluster ] --
 -------------------------------------------------
   Source                                       #
 -------------------------------------------------
   ni38.xyz                                     1
   co.xyz                                      36
 -------------------------------------------------

 -- Structure Generation --
   0 ni38.xyz: Center fixed at position (0.000, 0.000, 0.000) with rotation (0.000, 0.000, 0.000).
   1 co.xyz: Distributed on the surface of the 1th molecule, with axis 1 - 2 along the normal, 1 attached on it.

 -- External Commands --
cp $inp$ $out$
lammps4abc-1.py $inp$ data.abc -20. +20. -20. 20. -20. +20. 0 0 0 3 Ni C O
set NUMBER_OF_PROCESSORS=8 & lmp_serial < in.abc > out.abc 2>nul
lammps4abc-2.py dump.abc.xyz out.abc $out$ 3 Ni C O
rm -rf log.cite log.lammps data.abc out.abc dump.abc.xyz

 -- Lego Optimization --
Will perform at most 300 calculations.
A coarse optimization will be done for each generated structure.
===============================================================
    #          Energy       Time   State
===============================================================
    0 -11923.13371445          2   Succeed
    1 -12494.37520314          2   Succeed
    2 -11892.83943421          2   Succeed
    3 -12021.02826162          2   Succeed
    4 -12055.65694797          1   Succeed
    5 -11979.54110519          1   Succeed
    6 -12288.01579501          2   Succeed
    7 -12081.33802614          1   Succeed
    8 -11565.92798149          1   Succeed
    9 -12396.62557177          2   Succeed
   10 -12271.81169081          3   Succeed
   11 -11807.61093997          1   Succeed
   12 -10086.73766802          1   Succeed
   13 -11802.17122640          1   Succeed
   14 -12630.48588571          2   Succeed
   15 -12019.69008099          2   Succeed
   16 -12107.45438155          1   Succeed
   17 -12267.65446117          3   Succeed
   18 -12112.55630241          1   Succeed
   19 -12445.12881943          3   Succeed
   20 -11965.86363411          1   Succeed
   21 -12381.40075828          2   Succeed
   22 -11181.71198652          1   Succeed
   23 -12306.78267935          2   Succeed
   24 -11889.26650402          2   Succeed
   25 -12273.91123294          2   Succeed
   26 -12130.10778510          1   Succeed
   27 -12110.28733595          1   Succeed
   28 -12547.32738467          3   Succeed
   29 -12321.46360776          2   Succeed
   30 -12427.50101416          1   Succeed
   31 -11815.00973198          1   Succeed
   32 -12282.36623078          2   Succeed
   33 -10467.33673653          0   Succeed
   34 -12464.86662728          2   Succeed
   35 -12344.62048711          2   Succeed
   36 -12122.76770773          3   Succeed
   37 -11917.00155032          1   Succeed
   38 -12534.98114278          3   Succeed
   39 -12378.69701147          2   Succeed
   40 -11972.80747363          1   Succeed
   41 -12095.06833381          2   Succeed
   42 -12147.68182356          2   Succeed
   43 -11695.03737139          1   Succeed
   44 -12082.74065543          1   Succeed
   45 -11501.00839663          1   Succeed
   46 -12341.69332599          2   Succeed
   47 -12322.99268259          2   Succeed
   48 -11885.78045307          2   Succeed
   49 -12076.91088285          1   Succeed
   50 -12046.43008383          1   Succeed
   51 -11918.80612939          2   Succeed
   52 -11218.53585682          1   Succeed
   53 -12177.33637673          1   Succeed
   54 -12468.19680012          3   Succeed
   55 -11896.51902440          1   Succeed
   56 -12081.01983705          2   Succeed
   57 -12248.84588252          2   Succeed
   58 -12363.44195772          2   Succeed
   59 -12330.12467187          2   Succeed
   60 -12284.72019800          1   Succeed
   61 -12288.03223213          3   Succeed
   62 -12179.95661363          1   Succeed
   63 -10028.44668699          1   Succeed
   64 -12078.32171548          1   Succeed
   65 -12069.53896155          1   Succeed
   66 -12582.28636403          3   Succeed
   67 -11711.94560390          2   Succeed
   68 -11957.58264595          1   Succeed
   69 -12632.13317285          3   Succeed
   70 -12030.17782117          1   Succeed
   71 -12212.29406360          2   Succeed
   72 -12240.29785845          2   Succeed
   73 -10178.04643210          1   Succeed
   74 -12035.33669802          1   Succeed
   75 -12293.22738961          2   Succeed
   76 -12218.57725296          1   Succeed
   77 -10012.83877171          1   Succeed
   78 -10051.05933693          1   Succeed
   79 -12161.97429901          2   Succeed
   80 -12025.81341111          1   Succeed
   81 -12139.12004624          1   Succeed
   82 -12037.21482647          2   Succeed
   83 -12262.76859323          2   Succeed
   84 -12583.24716278          2   Succeed
   85 -12128.21111485          2   Succeed
   86 -12146.61578887          2   Succeed
   87 -11873.18974568          1   Succeed
   88 -10038.97666850          1   Succeed
   89 -12003.02969230          1   Succeed
   90 -11698.58486381          1   Succeed
   91 -11938.27620634          1   Succeed
   92 -12167.36932688          2   Succeed
   93 -12205.35658743          1   Succeed
   94 -12033.51624435          2   Succeed
   95 -12309.28848618          1   Succeed
   96 -11961.78223209          2   Succeed
   97 -12299.74362057          1   Succeed
   98 -12143.34377222          2   Succeed
   99 -12389.73982535          2   Succeed
  100 -11894.66110190          1   Succeed
  101 -11709.01167776          1   Succeed
  102 -12353.73657336          1   Succeed
  103 -10203.98694541          1   Succeed
  104 -12242.92358864          2   Succeed
  105 -10396.77675166          1   Succeed
  106 -10199.30865139          1   Succeed
  107 -11983.08909493          1   Succeed
  108 -12102.68733866          1   Succeed
  109 -11755.59890320          1   Succeed
  110 -12146.46057567          2   Succeed
  111 -12117.08260787          1   Succeed
  112 -11853.16602421          1   Succeed
  113 -11790.33980011          2   Succeed
  114 -12453.69202499          2   Succeed
  115 -12330.17073164          2   Succeed
  116 -12329.38046496          2   Succeed
  117 -12047.43926803          1   Succeed
  118 -10139.80984455          1   Succeed
  119 -12228.38207050          1   Succeed
  120 -11922.57690581          1   Succeed
  121 -12020.52967111          2   Succeed
  122 -10058.21728601          0   Succeed
  123 -12459.93235610          2   Succeed
  124 -11959.57793967          1   Succeed
  125 -12178.79964822          1   Succeed
  126 -12344.04861347          3   Succeed
  127 -12083.98474753          1   Succeed
  128 -12266.27033492          2   Succeed
  129 -10123.08035058          1   Succeed
  130 -12185.97760669          2   Succeed
  131 -11992.88043630          2   Succeed
  132 -12061.89397456          2   Succeed
  133 -12334.87978602          2   Succeed
  134 -11740.03665633          1   Succeed
  135 -12038.47931451          1   Succeed
  136 -10162.60069415          1   Succeed
  137 -12065.49864794          2   Succeed
  138 -12251.17926794          2   Succeed
  139 -10031.10477218          1   Succeed
  140 -12006.05061772          1   Succeed
  141 -12195.06205411          2   Succeed
  142 -12399.56667884          2   Succeed
  143 -12351.57309119          1   Succeed
  144 -12332.16622238          2   Succeed
  145 -11505.87457510          1   Succeed
  146 -11771.33131937          1   Succeed
  147 -12634.91371430          3   Succeed
  148 -12406.53506552          2   Succeed
  149 -10199.30431312          1   Succeed
  150 -12030.88925263          1   Succeed
  151 -12252.97240496          3   Succeed
  152 -12307.38123360          2   Succeed
  153 -11700.37945639          1   Succeed
  154 -10508.62499488          1   Succeed
  155 -12498.99613076          3   Succeed
  156 -12384.17755806          2   Succeed
  157 -11895.08944283          1   Succeed
  158 -12081.81433207          2   Succeed
  159 -11985.85384715          1   Succeed
  160 -12015.88510107          1   Succeed
  161 -12126.10675339          2   Succeed
  162 -12378.41926157          1   Succeed
  163 -10107.13469682          1   Succeed
  164 -11936.59443793          1   Succeed
  165 -11894.51296908          2   Succeed
  166 -12220.08672034          1   Succeed
  167 -12284.35546682          2   Succeed
  168 -12033.70269734          2   Succeed
  169 -11851.22006470          2   Succeed
  170 -11947.61543531          1   Succeed
  171 -12294.10903171          2   Succeed
  172 -11900.69450034          1   Succeed
  173 -10141.34308794          1   Succeed
  174 -12368.91573586          2   Succeed
  175 -12003.16467382          1   Succeed
  176 -12446.88415635          1   Succeed
  177 -12165.42572817          2   Succeed
  178 -11270.86316891          1   Succeed
  179 -11113.29722265          1   Succeed
  180 -12281.06803914          1   Succeed
  181 -12185.42060400          1   Succeed
  182 -12282.73200331          3   Succeed
  183 -12001.37372521          2   Succeed
  184 -10529.75513838          1   Succeed
  185 -12591.00780634          3   Succeed
  186 -11826.79685995          1   Succeed
  187 -12473.26675886          2   Succeed
  188 -10135.47352576          1   Succeed
  189 -11522.13632456          1   Succeed
  190 -12242.08856066          2   Succeed
  191 -12050.66877790          1   Succeed
  192 -12099.66784100          2   Succeed
  193 -12248.13884539          1   Succeed
  194 -12273.69508439          2   Succeed
  195 -12103.03529097          1   Succeed
  196 -12367.58220802          2   Succeed
  197 -12122.52566671          2   Succeed
  198 -12111.52436367          1   Succeed
  199 -11882.58125947          1   Succeed
  200 -12103.05339468          1   Succeed
  201 -11995.04131788          1   Succeed
  202 -12090.06909239          2   Succeed
  203 -12155.06280255          2   Succeed
  204 -11936.90597089          1   Succeed
  205 -11746.53668779          1   Succeed
  206 -11731.62564450          1   Succeed
  207 -11904.34353440          2   Succeed
  208 -12370.92213935          1   Succeed
  209 -12516.67896182          3   Succeed
  210 -11881.83685163          1   Succeed
  211 -12179.17825831          2   Succeed
  212 -12055.32880683          1   Succeed
  213 -12500.06117799          2   Succeed
  214 -12198.11355037          2   Succeed
  215 -12318.74668830          2   Succeed
  216 -12306.24003935          2   Succeed
  217 -11917.25368600          1   Succeed
  218 -11968.57542573          1   Succeed
  219 -11666.10697207          1   Succeed
  220 -12322.93790140          3   Succeed
  221 -12170.95950415          1   Succeed
  222 -12388.76062054          2   Succeed
  223 -12245.15833217          2   Succeed
  224 -12355.20530389          1   Succeed
  225 -12214.76355697          2   Succeed
  226 -12249.65419954          2   Succeed
  227 -12102.03977456          1   Succeed
  228 -12012.09988064          2   Succeed
  229 -12551.33614301          3   Succeed
  230 -12415.80707345          2   Succeed
  231 -12312.81082538          1   Succeed
  232 -12548.92337932          3   Succeed
  233 -10494.80397544          1   Succeed
  234 -12333.06643434          2   Succeed
  235 -11951.34578278          1   Succeed
  236 -12346.48059358          1   Succeed
  237 -12480.23106428          3   Succeed
  238 -11320.77299262          0   Succeed
  239 -12192.95548248          2   Succeed
  240 -11670.15630036          1   Succeed
  241 -11974.76716903          1   Succeed
  242 -12063.61265538          1   Succeed
  243 -12373.25692901          1   Succeed
  244 -12246.79306700          2   Succeed
  245 -12347.40593801          3   Succeed
  246 -11896.11293109          1   Succeed
  247 -10118.46681277          1   Succeed
  248 -10086.63628694          0   Succeed
  249 -12380.67835836          2   Succeed
  250 -11888.74339017          1   Succeed
  251  -9986.53957268          1   Succeed
  252 -12200.24031339          2   Succeed
  253 -11687.27245456          1   Succeed
  254 -11459.36787507          1   Succeed
  255 -12346.15247029          2   Succeed
  256 -12072.07924739          2   Succeed
  257 -11866.05811163          1   Succeed
  258 -11952.81306052          2   Succeed
  259 -12490.25902763          2   Succeed
  260 -11483.66993427          1   Succeed
  261 -10091.77394416          0   Succeed
  262 -12112.70852340          2   Succeed
  263 -12279.47614983          1   Succeed
  264 -12063.89788563          1   Succeed
  265 -12533.82282031          3   Succeed
  266 -10206.64673541          1   Succeed
  267 -12773.17442747          1   Succeed
  268 -11972.72988999          2   Succeed
  269 -10074.46704693          1   Succeed
  270 -11788.93890870          2   Succeed
  271 -12127.80899637          1   Succeed
  272 -12071.29742200          2   Succeed
  273 -12062.13379641          1   Succeed
  274 -12139.57831854          2   Succeed
  275 -12176.00962474          2   Succeed
  276 -11721.75326772          1   Succeed
  277 -10305.03431153          1   Succeed
  278 -12201.89412918          2   Succeed
  279 -12479.51987893          2   Succeed
  280 -12228.42570758          2   Succeed
  281 -10149.98148778          1   Succeed
  282 -11716.17966452          1   Succeed
  283 -10421.85814260          0   Succeed
  284 -11848.69563640          2   Succeed
  285 -11926.77889640          1   Succeed
  286 -12325.50556189          1   Succeed
  287 -10019.60959998          1   Succeed
  288 -12120.62468765          1   Succeed
  289 -12416.62454557          3   Succeed
  290 -12268.21603727          2   Succeed
  291 -11795.15802415          1   Succeed
  292 -12184.37089055          1   Succeed
  293 -12272.35230216          3   Succeed
  294 -12450.12089408          2   Succeed
  295 -11693.95736533          1   Succeed
  296 -12005.69887790          1   Succeed
  297 -12270.35540426          3   Succeed
  298 -12242.54422138          1   Succeed
  299 -12438.90275024          3   Succeed
===============================================================
All the calculations are finished!

Reordered from low to high energy:
===============================================================
    #          Energy
===============================================================
  267 -12773.17442747
  147 -12634.91371430
   69 -12632.13317285
   14 -12630.48588571
  185 -12591.00780634
   84 -12583.24716278
   66 -12582.28636403
  229 -12551.33614301
  232 -12548.92337932
   28 -12547.32738467
   38 -12534.98114278
  265 -12533.82282031
  209 -12516.67896182
  213 -12500.06117799
  155 -12498.99613076
    1 -12494.37520314
  259 -12490.25902763
  237 -12480.23106428
  279 -12479.51987893
  187 -12473.26675886
   54 -12468.19680012
   34 -12464.86662728
  123 -12459.93235610
  114 -12453.69202499
  294 -12450.12089408
  176 -12446.88415635
   19 -12445.12881943
  299 -12438.90275024
   30 -12427.50101416
  289 -12416.62454557
  230 -12415.80707345
  148 -12406.53506552
  142 -12399.56667884
    9 -12396.62557177
   99 -12389.73982535
  222 -12388.76062054
  156 -12384.17755806
   21 -12381.40075828
  249 -12380.67835836
   39 -12378.69701147
  162 -12378.41926157
  243 -12373.25692901
  208 -12370.92213935
  174 -12368.91573586
  196 -12367.58220802
   58 -12363.44195772
  224 -12355.20530389
  102 -12353.73657336
  143 -12351.57309119
  245 -12347.40593801
  236 -12346.48059358
  255 -12346.15247029
   35 -12344.62048711
  126 -12344.04861347
   46 -12341.69332599
  133 -12334.87978602
  234 -12333.06643434
  144 -12332.16622238
  115 -12330.17073164
   59 -12330.12467187
  116 -12329.38046496
  286 -12325.50556189
   47 -12322.99268259
  220 -12322.93790140
   29 -12321.46360776
  215 -12318.74668830
  231 -12312.81082538
   95 -12309.28848618
  152 -12307.38123360
   23 -12306.78267935
  216 -12306.24003935
   97 -12299.74362057
  171 -12294.10903171
   75 -12293.22738961
   61 -12288.03223213
    6 -12288.01579501
   60 -12284.72019800
  167 -12284.35546682
  182 -12282.73200331
   32 -12282.36623078
  180 -12281.06803914
  263 -12279.47614983
   25 -12273.91123294
  194 -12273.69508439
  293 -12272.35230216
   10 -12271.81169081
  297 -12270.35540426
  290 -12268.21603727
   17 -12267.65446117
  128 -12266.27033492
   83 -12262.76859323
  151 -12252.97240496
  138 -12251.17926794
  226 -12249.65419954
   57 -12248.84588252
  193 -12248.13884539
  244 -12246.79306700
  223 -12245.15833217
  104 -12242.92358864
  298 -12242.54422138
  190 -12242.08856066
   72 -12240.29785845
  280 -12228.42570758
  119 -12228.38207050
  166 -12220.08672034
   76 -12218.57725296
  225 -12214.76355697
   71 -12212.29406360
   93 -12205.35658743
  278 -12201.89412918
  252 -12200.24031339
  214 -12198.11355037
  141 -12195.06205411
  239 -12192.95548248
  130 -12185.97760669
  181 -12185.42060400
  292 -12184.37089055
   62 -12179.95661363
  211 -12179.17825831
  125 -12178.79964822
   53 -12177.33637673
  275 -12176.00962474
  221 -12170.95950415
   92 -12167.36932688
  177 -12165.42572817
   79 -12161.97429901
  203 -12155.06280255
   42 -12147.68182356
   86 -12146.61578887
  110 -12146.46057567
   98 -12143.34377222
  274 -12139.57831854
   81 -12139.12004624
   26 -12130.10778510
   85 -12128.21111485
  271 -12127.80899637
  161 -12126.10675339
   36 -12122.76770773
  197 -12122.52566671
  288 -12120.62468765
  111 -12117.08260787
  262 -12112.70852340
   18 -12112.55630241
  198 -12111.52436367
   27 -12110.28733595
   16 -12107.45438155
  200 -12103.05339468
  195 -12103.03529097
  108 -12102.68733866
  227 -12102.03977456
  192 -12099.66784100
   41 -12095.06833381
  202 -12090.06909239
  127 -12083.98474753
   44 -12082.74065543
  158 -12081.81433207
    7 -12081.33802614
   56 -12081.01983705
   64 -12078.32171548
   49 -12076.91088285
  256 -12072.07924739
  272 -12071.29742200
   65 -12069.53896155
  137 -12065.49864794
  264 -12063.89788563
  242 -12063.61265538
  273 -12062.13379641
  132 -12061.89397456
    4 -12055.65694797
  212 -12055.32880683
  191 -12050.66877790
  117 -12047.43926803
   50 -12046.43008383
  135 -12038.47931451
   82 -12037.21482647
   74 -12035.33669802
  168 -12033.70269734
   94 -12033.51624435
  150 -12030.88925263
   70 -12030.17782117
   80 -12025.81341111
    3 -12021.02826162
  121 -12020.52967111
   15 -12019.69008099
  160 -12015.88510107
  228 -12012.09988064
  140 -12006.05061772
  296 -12005.69887790
  175 -12003.16467382
   89 -12003.02969230
  183 -12001.37372521
  201 -11995.04131788
  131 -11992.88043630
  159 -11985.85384715
  107 -11983.08909493
    5 -11979.54110519
  241 -11974.76716903
   40 -11972.80747363
  268 -11972.72988999
  218 -11968.57542573
   20 -11965.86363411
   96 -11961.78223209
  124 -11959.57793967
   68 -11957.58264595
  258 -11952.81306052
  235 -11951.34578278
  170 -11947.61543531
   91 -11938.27620634
  204 -11936.90597089
  164 -11936.59443793
  285 -11926.77889640
    0 -11923.13371445
  120 -11922.57690581
   51 -11918.80612939
  217 -11917.25368600
   37 -11917.00155032
  207 -11904.34353440
  172 -11900.69450034
   55 -11896.51902440
  246 -11896.11293109
  157 -11895.08944283
  100 -11894.66110190
  165 -11894.51296908
    2 -11892.83943421
   24 -11889.26650402
  250 -11888.74339017
   48 -11885.78045307
  199 -11882.58125947
  210 -11881.83685163
   87 -11873.18974568
  257 -11866.05811163
  112 -11853.16602421
  169 -11851.22006470
  284 -11848.69563640
  186 -11826.79685995
   31 -11815.00973198
   11 -11807.61093997
   13 -11802.17122640
  291 -11795.15802415
  113 -11790.33980011
  270 -11788.93890870
  146 -11771.33131937
  109 -11755.59890320
  205 -11746.53668779
  134 -11740.03665633
  206 -11731.62564450
  276 -11721.75326772
  282 -11716.17966452
   67 -11711.94560390
  101 -11709.01167776
  153 -11700.37945639
   90 -11698.58486381
   43 -11695.03737139
  295 -11693.95736533
  253 -11687.27245456
  240 -11670.15630036
  219 -11666.10697207
    8 -11565.92798149
  189 -11522.13632456
  145 -11505.87457510
   45 -11501.00839663
  260 -11483.66993427
  254 -11459.36787507
  238 -11320.77299262
  178 -11270.86316891
   52 -11218.53585682
   22 -11181.71198652
  179 -11113.29722265
  184 -10529.75513838
  154 -10508.62499488
  233 -10494.80397544
   33 -10467.33673653
  283 -10421.85814260
  105 -10396.77675166
  277 -10305.03431153
  266 -10206.64673541
  103 -10203.98694541
  106 -10199.30865139
  149 -10199.30431312
   73 -10178.04643210
  136 -10162.60069415
  281 -10149.98148778
  173 -10141.34308794
  118 -10139.80984455
  188 -10135.47352576
  129 -10123.08035058
  247 -10118.46681277
  163 -10107.13469682
  261 -10091.77394416
   12 -10086.73766802
  248 -10086.63628694
  269 -10074.46704693
  122 -10058.21728601
   78 -10051.05933693
   88 -10038.97666850
  139 -10031.10477218
   63 -10028.44668699
  287 -10019.60959998
   77 -10012.83877171
  251  -9986.53957268
===============================================================

===== (^ _ ^) =====
Normal termination at Thu May 23 11:44:31 2019.
Total run time: 468 seconds = 0 days 0 hours 7 minutes 48 seconds.
