                                                      
       * * * * * * * * * * * * * * * * * *            
      *       ____   _____ _           _   *          
     *  /\   |  _ \ / ____| |         | |  * * * * *  
    *  /  \  | |_) | |    | |_   _ ___| |_ ___ _ __  *
   *  / /\ \ |  _ <| |    | | | | / __| __/ _ \ '__| *
  *  / ____ \| |_) | |____| | |_| \__ \ ||  __/ |  *  
  * /_/    \_\____/ \_____|_|\__,_|___/\__\___|_|  *  
  *                                                *  
  * * * * * * * * * * * * * * * * * * * * * * * * *   
                                                      

ABCluster 2.1
Specific flag:  official version
Platform:       LINUX/UNIX
Compiled by:    zhan055@mitcluster3.pnl.gov
Compiling date: May 20 2019 21:10:31
C++ compiler:   g++ (GCC) 8.1.0
C++ options:    -O3 -Os -fno-exceptions --std=c++0x -fopenmp  

Contributors:
Jun Zhang(University of Cologne): Design and coding.

For any suggestions, comments, and questions on the theory and
implementation of ABCluster, please feel free to contact:

Dr. Jun Zhang, ZhangJunQcc@gmail.com

If you used this program in your work, please cite these references:

[1] Zhang, J.; Dolg, M.; ABCluster: The Artificial Bee Colony Algorithm for
    Cluster Global Optimization. Phys. Chem. Chem. Phys. 2015, 17, 24173-24181.
[2] Zhang, J.; Dolg, M.; Global Optimization of Clusters of Rigid Molecules by the
    Artificial Bee Colony Algorithm. Phys. Chem. Chem. Phys. 2016, 18, 3003-3010.

Program starts at Tue May 21 11:33:56 2019.
Command line: " ../lego au8pph37.inp "
Process ID:   32664
Run by:       zhan055@compute-0-0.local
Available CPU cores:    8
Read "OMP_NUM_THREADS": Unset

Random number testing (integers): 1110754806...710602369
Random number testing (fractals): 0.87218522...0.99060350

 -- Input/Output Parameters --
Input file name:       au8pph37.inp
Cluster file name:     au8pph37.cluster
Result file directory: au8pph37-LM

 -- Cluster Components: from [ au8pph37.cluster ] --
 -------------------------------------------------
   Source                                       #
 -------------------------------------------------
   au.xyz                                       8
   pph3.xyz                                     7
 -------------------------------------------------

 -- Structure Generation --
   0 au.xyz: Distributed inside the sphere centered at (0.000, 0.000, 0.000) with (ra, rb, rc) = (5.000, 5.000 5.000).
   1 pph3.xyz: Form micelle-like structure with axis (1, 1, 1) - (2, 12, 23) along the normal centered at (0.000, 0.000, 0.000), core radius (6.000, 6.000, 6.000).

 -- External Commands --
cp $inp$ $xxx$.xyz
../xtb/bin/xtb $xxx$.xyz -gfn 1 -chrg +2 -o > $xxx$.out
energy=`awk 'NR==2{print $3}' xtbopt.xyz` ; sed -i "2c ${energy}" xtbopt.xyz
mv xtbopt.xyz $out$
rm $xxx$.xyz $xxx$.out charges wbo xtbopt.log xtbrestart

 -- Lego Optimization --
Will perform at most 200 calculations.
A coarse optimization will be done for each generated structure.
===============================================================
    #          Energy       Time   State
===============================================================
    0   -372.43627874        711   Succeed
    1   -372.44896448        631   Succeed
    2   -372.43405282        521   Succeed
    3   -372.45860465        548   Succeed
    4   -372.44732706        661   Succeed
    5   -372.43629117        497   Succeed
    6   -372.42998353        692   Succeed
    7   -372.42951474        539   Succeed
    8   -372.47185921        864   Succeed
    9   -372.44729740        448   Succeed
   10   -372.43947812       1170   Succeed
   11   -372.42645868        741   Succeed
   12   -372.45211482        754   Succeed
   13   -372.42153254        563   Succeed
   14   -372.43505108        911   Succeed
   15   -372.45832016        640   Succeed
   16   -372.44059657        874   Succeed
   17   -372.42428927        630   Succeed
   18   -372.41370284        565   Succeed
   19   -372.43254043        503   Succeed
   20   -372.44473508        796   Succeed
   21   -372.44032446        673   Succeed
   22   -372.44120978        631   Succeed
   23   -372.42846276        617   Succeed
   24   -372.45692856        742   Succeed
   25   -372.45094051        704   Succeed
   26   -372.44722676        548   Succeed
   27   -372.45167750        555   Succeed
   28   -372.45648670        752   Succeed
   29   -372.43780610        563   Succeed
   30   -372.43616360        492   Succeed
   31   -372.45711444       1023   Succeed
   32   -372.44471669        846   Succeed
   33   -372.46455451        804   Succeed
   34   -372.45368491        624   Succeed
   35   -372.45807392        848   Succeed
   36   -372.44944229        759   Succeed
   37   -372.43421502        755   Succeed
   38   -372.43112925        471   Succeed
   39   -372.45644603        690   Succeed
   40   -372.45485477        709   Succeed
   41   -372.44570736        585   Succeed
   42   -372.44858171        732   Succeed
   43   -372.43606022        550   Succeed
   44   -372.44357200        525   Succeed
   45   -372.44893287        642   Succeed
   46   -372.44415169        857   Succeed
   47   -372.44174620        482   Succeed
   48   -372.46573926        846   Succeed
   49   -372.44862264        807   Succeed
   50   -372.45582680        646   Succeed
   51   -372.42906211        735   Succeed
   52   -372.45655745        799   Succeed
   53   -372.43277282        917   Succeed
   54   -372.43070105        529   Succeed
   55   -372.42421710        560   Succeed
   56   -372.46685710        471   Succeed
   57   -372.46030377        806   Succeed
   58   -372.47360435       1085   Succeed
   59   -372.45645894        671   Succeed
   60   -372.46234041        715   Succeed
   61   -372.45937369        694   Succeed
   62   -372.46028172        546   Succeed
   63   -372.45365146        756   Succeed
   64   -372.43726556        866   Succeed
   65   -372.43857550        542   Succeed
   66   -372.45415078        770   Succeed
   67   -372.44115928        713   Succeed
   68   -372.45882987        828   Succeed
   69   -372.41728962        530   Succeed
   70   -372.44026992        853   Succeed
   71   -372.44690764        524   Succeed
   72   -372.45108488        882   Succeed
   73   -372.44075748        678   Succeed
   74   -372.43297314        568   Succeed
   75   -372.44593537        456   Succeed
   76   -372.43661846        614   Succeed
   77   -372.45532924        576   Succeed
   78   -372.44777200        851   Succeed
   79   -372.45541957        568   Succeed
   80   -372.45358780        756   Succeed
   81   -372.43012449        650   Succeed
   82   -372.45501234        549   Succeed
   83   -372.45251112        594   Succeed
   84   -372.45877288        688   Succeed
   85   -372.45104449        656   Succeed
   86   -372.43512031        768   Succeed
   87   -372.45166247        651   Succeed
   88   -372.46152097        564   Succeed
   89   -372.43909742        400   Succeed
   90   -372.45853809        783   Succeed
   91   -372.18162631        945   Succeed
   92   -372.41445870        488   Succeed
   93   -372.45852088        671   Succeed
   94   -372.45160289        497   Succeed
   95   -372.43927912        637   Succeed
   96   -372.44266733        625   Succeed
   97   -372.45262472       1026   Succeed
   98   -372.43762355        655   Succeed
   99   -372.43376837        570   Succeed
  100   -372.46312044        799   Succeed
  101   -372.45332123        554   Succeed
  102   -372.44877978        696   Succeed
  103   -372.44738073        649   Succeed
  104   -372.43808125        783   Succeed
  105   -372.45125072        825   Succeed
  106   -372.45400720        768   Succeed
  107   -372.44275961        698   Succeed
  108   -372.45721577        643   Succeed
  109   -372.44181008        573   Succeed
  110   -372.44696504        692   Succeed
  111   -372.44530786        726   Succeed
  112   -372.45301422        533   Succeed
  113   -372.44450872        576   Succeed
  114   -372.44189713        585   Succeed
  115   -372.44543770        811   Succeed
  116   -372.44082733        592   Succeed
  117   -372.45004355        895   Succeed
  118   -372.45282275        549   Succeed
  119   -372.42087945        890   Succeed
  120   -372.44483736        813   Succeed
  121   -372.44258420        532   Succeed
  122   -372.41682610        591   Succeed
  123   -372.41781344        578   Succeed
  124   -372.43149612        790   Succeed
  125   -372.45014852        501   Succeed
  126   -372.45183574        655   Succeed
  127   -372.45092656        603   Succeed
  128   -372.39695075        469   Succeed
  129   -372.43509376        562   Succeed
  130   -372.46381201        778   Succeed
  131   -372.44952654        809   Succeed
  132   -372.46043717        796   Succeed
  133   -372.46344631        789   Succeed
  134   -372.44573679        794   Succeed
  135   -372.42576905        430   Succeed
  136   -372.42697801        695   Succeed
  137   -372.44668695        512   Succeed
  138   -372.44758994        624   Succeed
  139   -372.45152879        498   Succeed
  140   -372.43984244        451   Succeed
  141   -372.43932043        878   Succeed
  142   -372.45415085        635   Succeed
  143   -372.43324925        551   Succeed
  144   -372.43090350        544   Succeed
  145   -372.45914939        500   Succeed
  146   -372.45570241        748   Succeed
  147   -372.46272049        741   Succeed
  148   -372.45129379        600   Succeed
  149   -372.45748741        719   Succeed
  150   -372.44076254        690   Succeed
  151   -372.46402631        932   Succeed
  152   -372.44763788        837   Succeed
  153   -372.43516430        471   Succeed
  154   -372.46051834        787   Succeed
  155   -372.42371536        461   Succeed
  156   -372.45489112        537   Succeed
  157   -372.45755071        580   Succeed
  158   -372.44989263        502   Succeed
  159   -372.44046423        813   Succeed
  160   -372.43179570        551   Succeed
  161   -372.44646698        574   Succeed
  162   -372.46056656        639   Succeed
  163   -372.44766539        765   Succeed
  164   -372.43692845        656   Succeed
  165   -372.43667320        869   Succeed
  166   -372.45103744        712   Succeed
  167   -372.42994500        638   Succeed
  168   -372.44658677        634   Succeed
  169   -372.44322972        726   Succeed
  170   -372.44296927        466   Succeed
  171   -372.45167743        636   Succeed
  172   -372.41419731       1245   Succeed
  173   -372.45288230        785   Succeed
  174   -372.44198419        439   Succeed
  175   -372.45846924        557   Succeed
  176   -372.45288081        607   Succeed
  177   -372.45358905        500   Succeed
  178   -372.45671141        706   Succeed
  179   -372.42710083        477   Succeed
  180   -372.46939976        733   Succeed
  181   -372.44154462       1003   Succeed
  182   -372.44550185        923   Succeed
  183   -372.44166467        875   Succeed
  184   -372.44409155        652   Succeed
  185   -372.45366784        618   Succeed
  186   -372.45699430        641   Succeed
  187   -372.46156088        674   Succeed
  188   -372.45126335        501   Succeed
  189   -372.45718067        598   Succeed
  190   -372.43305330        531   Succeed
  191   -372.43969585        581   Succeed
  192   -372.45219510        659   Succeed
  193   -372.43384147        442   Succeed
  194   -372.42956390        741   Succeed
  195   -372.44799004        505   Succeed
  196   -372.43644847        525   Succeed
  197   -372.46284817        538   Succeed
  198   -372.37053916        835   Succeed
  199   -372.44373962        902   Succeed
===============================================================
All the calculations are finished!

Reordered from low to high energy:
===============================================================
    #          Energy
===============================================================
   58   -372.47360435
    8   -372.47185921
  180   -372.46939976
   56   -372.46685710
   48   -372.46573926
   33   -372.46455451
  151   -372.46402631
  130   -372.46381201
  133   -372.46344631
  100   -372.46312044
  197   -372.46284817
  147   -372.46272049
   60   -372.46234041
   88   -372.46152097
  162   -372.46056656
  132   -372.46043717
   62   -372.46028172
   61   -372.45937369
  145   -372.45914939
   68   -372.45882987
   93   -372.45852088
   15   -372.45832016
   35   -372.45807392
  149   -372.45748741
  108   -372.45721577
   31   -372.45711444
   24   -372.45692856
  178   -372.45671141
   39   -372.45644603
   52   -372.45655745
   50   -372.45582680
  146   -372.45570241
   77   -372.45532924
   82   -372.45501234
   40   -372.45485477
  142   -372.45415085
  106   -372.45400720
   34   -372.45368491
  101   -372.45332123
  112   -372.45301422
  173   -372.45288230
   97   -372.45262472
   83   -372.45251112
   12   -372.45211482
  126   -372.45183574
   94   -372.45160289
  105   -372.45125072
   72   -372.45108488
  127   -372.45092656
  166   -372.45103744
  125   -372.45014852
  117   -372.45004355
  158   -372.44989263
  131   -372.44952654
    1   -372.44896448
  102   -372.44877978
   49   -372.44862264
  195   -372.44799004
   78   -372.44777200
  163   -372.44766539
    4   -372.44732706
   26   -372.44722676
   71   -372.44690764
  137   -372.44668695
  168   -372.44658677
  161   -372.44646698
   75   -372.44593537
   41   -372.44570736
  115   -372.44543770
  111   -372.44530786
  120   -372.44483736
   32   -372.44471669
  113   -372.44450872
  184   -372.44409155
  199   -372.44373962
   44   -372.44357200
  169   -372.44322972
  170   -372.44296927
  121   -372.44258420
  107   -372.44275961
  114   -372.44189713
  183   -372.44166467
  181   -372.44154462
   22   -372.44120978
  150   -372.44076254
   16   -372.44059657
  159   -372.44046423
   70   -372.44026992
  140   -372.43984244
  191   -372.43969585
   10   -372.43947812
   95   -372.43927912
   89   -372.43909742
   65   -372.43857550
  104   -372.43808125
   29   -372.43780610
   98   -372.43762355
   64   -372.43726556
  164   -372.43692845
  165   -372.43667320
  196   -372.43644847
    5   -372.43629117
   30   -372.43616360
   43   -372.43606022
  153   -372.43516430
   14   -372.43505108
   37   -372.43421502
    2   -372.43405282
  193   -372.43384147
  143   -372.43324925
   74   -372.43297314
   53   -372.43277282
   19   -372.43254043
  160   -372.43179570
  124   -372.43149612
   38   -372.43112925
  144   -372.43090350
   54   -372.43070105
   81   -372.43012449
  167   -372.42994500
  194   -372.42956390
   51   -372.42906211
   23   -372.42846276
  179   -372.42710083
  136   -372.42697801
   11   -372.42645868
  135   -372.42576905
   17   -372.42428927
  155   -372.42371536
   13   -372.42153254
  119   -372.42087945
  123   -372.41781344
   69   -372.41728962
  122   -372.41682610
   92   -372.41445870
  172   -372.41419731
   18   -372.41370284
  128   -372.39695075
  198   -372.37053916
   91   -372.18162631
===============================================================

===== (^ _ ^) =====
Normal termination at Thu May 23 00:52:25 2019.
Total run time: 134309 seconds = 1 days 13 hours 18 minutes 29 seconds.
