                                                      
       * * * * * * * * * * * * * * * * * *            
      *       ____   _____ _           _   *          
     *  /\   |  _ \ / ____| |         | |  * * * * *  
    *  /  \  | |_) | |    | |_   _ ___| |_ ___ _ __  *
   *  / /\ \ |  _ <| |    | | | | / __| __/ _ \ '__| *
  *  / ____ \| |_) | |____| | |_| \__ \ ||  __/ |  *  
  * /_/    \_\____/ \_____|_|\__,_|___/\__\___|_|  *  
  *                                                *  
  * * * * * * * * * * * * * * * * * * * * * * * * *   
                                                      

ABCluster 2.1
Specific flag:  official version
Platform:       LINUX/UNIX
Compiled by:    zhan055@mitcluster3.pnl.gov
Compiling date: Feb 24 2020 08:51:34
C++ compiler:   g++ (GCC) 8.1.0
C++ options:    -O3 -Os -fno-exceptions --std=c++11 -fopenmp   

Contributors:
Jun Zhang(University of Cologne): Design and coding.

For any suggestions, comments, and questions on the theory and
implementation of ABCluster, please feel free to contact:

Dr. Jun Zhang, ZhangJunQcc@gmail.com

If you used this program in your work, please cite these references:

[1] Zhang, J.; Dolg, M.; ABCluster: The Artificial Bee Colony Algorithm for
    Cluster Global Optimization. Phys. Chem. Chem. Phys. 2015, 17, 24173-24181.
[2] Zhang, J.; Dolg, M.; Global Optimization of Clusters of Rigid Molecules by the
    Artificial Bee Colony Algorithm. Phys. Chem. Chem. Phys. 2016, 18, 3003-3010.

Program starts at Mon Feb 24 12:10:37 2020.
Command line: " ../lego emimcl.inp "
Process ID:   3902
Run by:       zhan055@compute-0-28.local
Available CPU cores:    12
Read "OMP_NUM_THREADS": Unset

Random number testing (integers): 852230007...570852937
Random number testing (fractals): 0.11443529...0.49929344

 -- Input/Output Parameters --
Input file name:       emimcl.inp
Cluster file name:     emimcl.cluster
Result file directory: emimcl-LM

 -- Cluster Components: from [ emimcl.cluster ] --
 -------------------------------------------------
   Source                                       #
 -------------------------------------------------
   emim.xyz                                     3
   cl.xyz                                       5
 -------------------------------------------------

 -- Structure Generation --
   0 emim.xyz: Distributed inside the box (0.000, 0.000, 0.000) - (10.000, 10.000, 10.000).
   1 cl.xyz: Distributed inside the box (0.000, 0.000, 0.000) - (10.000, 10.000, 10.000).

 -- External Commands --
cp $inp$ $xxx$.xyz
../xtb $xxx$.xyz -chrg -2 -o > $xxx$.out
energy=`awk 'NR==2{print $2}' xtbopt.xyz` ; sed -i "2c ${energy}" xtbopt.xyz
mv xtbopt.xyz $out$
rm $xxx$.xyz $xxx$.out charges wbo xtbopt.log xtbrestart

 -- Lego Optimization --
Will perform at most 500 calculations.
A coarse optimization will be done for each generated structure.
Cluster energy boundary for training: (-10000000000.00000000, 10000000000.00000000)
===============================================================
    #          Energy       Time   State
===============================================================
    0    -96.26353570         15   Succeed
    1    -96.26805484         23   Succeed
    2    -96.27124402         22   Succeed
    3    -96.26369639         23   Succeed
    4    -96.26572760         22   Succeed
    5    -96.26281966         28   Succeed
    6    -96.24934316         33   Succeed
    7    -96.26061175         21   Succeed
    8    -96.25807898         20   Succeed
    9    -96.27032657         23   Succeed
   10    -96.26774671         23   Succeed
   11    -96.27146917         27   Succeed
   12    -96.27578371         26   Succeed
   13    -96.26499217         21   Succeed
   14    -96.28822236         24   Succeed
   15    -96.26868076         21   Succeed
   16    -96.25237939         20   Succeed
   17    -96.26601559         14   Succeed
   18    -96.26685917         28   Succeed
   19    -96.27975345         26   Succeed
   20    -96.26988198         21   Succeed
   21    -96.14961423         35   Succeed
   22    -96.28285257         23   Succeed
   23    -96.29018816         24   Succeed
   24    -96.21147172         33   Succeed
   25    -96.27059966         21   Succeed
   26    -96.24401143         31   Succeed
   27    -96.27085681         14   Succeed
   28    -96.22504929         35   Succeed
   29    -95.70475892         20   Succeed
   30    -96.25762691         24   Succeed
   31    -96.28651410         25   Succeed
   32    -96.26112791         21   Succeed
   33    -96.24488768         28   Succeed
   34    -96.27581349         24   Succeed
   35    -96.24589876         36   Succeed
   36    -96.25342809         17   Succeed
   37    -96.25851985         21   Succeed
   38    -96.26943306         17   Succeed
   39    -96.16288743         36   Succeed
   40    -96.25803275         29   Succeed
   41    -96.26262312         21   Succeed
   42    -96.14847578         41   Succeed
   43    -96.29294689         18   Succeed
   44    -96.26123517         26   Succeed
   45    -96.26543386         20   Succeed
   46    -96.26951377         11   Succeed
   47    -96.25893015         26   Succeed
   48    -96.23545256         37   Succeed
   49    -94.20306131          7   Succeed
   50    -96.26007669         15   Succeed
   51    -96.26168625         19   Succeed
   52    -96.21682940         35   Succeed
   53    -96.26617080         26   Succeed
   54    -96.24914535         29   Succeed
   55    -96.26075021         27   Succeed
   56    -96.25796717         13   Succeed
   57    -96.27190018         12   Succeed
   58    -96.23292588         33   Succeed
   59    -96.18646148         37   Succeed
   60    -96.26925513         28   Succeed
   61    -96.27466377         29   Succeed
   62    -95.77271466          5   Succeed
   63    -96.26879579         21   Succeed
   64    -96.25657323         26   Succeed
   65    -96.26234610         27   Succeed
   66    -96.28059635         25   Succeed
   67    -96.26220290         26   Succeed
   68    -96.26856403         16   Succeed
   69    -96.27136220         16   Succeed
   70    -96.27012895         18   Succeed
   71    -96.25140636         20   Succeed
   72    -96.26762859         16   Succeed
   73    -95.78790811         11   Succeed
   74    -96.29171315          7   Succeed
   75    -96.26720782         10   Succeed
   76    -96.26386010         16   Succeed
   77    -96.29278967         10   Succeed
   78    -95.90396792          4   Succeed
   79    -96.26293811         13   Succeed
   80    -96.27425863         20   Succeed
   81    -96.27346513         23   Succeed
   82    -96.26553124         28   Succeed
   83    -95.80865943          7   Succeed
   84    -96.26265298         21   Succeed
   85    -96.27388588         29   Succeed
   86    -96.26036413         31   Succeed
   87    -96.23705640         35   Succeed
   88    -96.26853594         19   Succeed
   89    -96.26789722         25   Succeed
   90    -96.25570595         12   Succeed
   91    -96.25247352         23   Succeed
   92    -96.24853018         33   Succeed
   93    -96.25516122         19   Succeed
   94    -96.26509804         27   Succeed
   95    -96.24313370         23   Succeed
   96    -96.26376199         19   Succeed
   97    -96.26837555         25   Succeed
   98    -96.26758639         24   Succeed
   99    -96.06844065         43   Succeed
  100    -96.23600995         12   Succeed
  101    -96.26155198         13   Succeed
  102    -96.27195646         17   Succeed
  103    -96.29423223         21   Succeed
  104    -95.94206959          4   Succeed
  105    -96.26546679         29   Succeed
  106    -96.26685629         31   Succeed
  107    -96.26699447         13   Succeed
  108    -96.25430248         20   Succeed
  109    -96.28660356         26   Succeed
  110    -96.25319102         29   Succeed
  111    -96.16637189         37   Succeed
  112    -96.27038662         18   Succeed
  113    -96.27781598         26   Succeed
  114    -96.01389164         13   Succeed
  115    -96.21673162         36   Succeed
  116    -96.27131056         12   Succeed
  117    -96.25616283         30   Succeed
  118    -96.02110102          5   Succeed
  119    -96.24096710         19   Succeed
  120    -96.27347518         19   Succeed
  121    -96.26095601         23   Succeed
  122    -96.27400835         18   Succeed
  123    -96.27425826         24   Succeed
  124    -96.26775136         21   Succeed
  125    -96.27015832         24   Succeed
  126    -96.26687348         14   Succeed
  127    -96.29444683         12   Succeed
  128    -96.27052953         16   Succeed
  129    -96.26137714         14   Succeed
  130    -96.25094216         35   Succeed
  131    -96.23733946         37   Succeed
  132    -96.24409725         34   Succeed
  133    -96.25135443         21   Succeed
  134    -96.26783800         23   Succeed
  135    -96.09983875         37   Succeed
  136    -96.25051159         20   Succeed
  137    -96.28106750         26   Succeed
  138    -96.26582878         26   Succeed
  139    -96.25352199         21   Succeed
  140    -96.26655380         26   Succeed
  141    -96.26218425         31   Succeed
  142    -96.25837477         15   Succeed
  143    -96.26918516         26   Succeed
  144    -96.26464580         17   Succeed
  145    -96.25283976         29   Succeed
  146    -96.20799264         33   Succeed
  147    -96.26626256         12   Succeed
  148    -96.24608936         23   Succeed
  149    -96.24485881         35   Succeed
  150    -96.25346920         30   Succeed
  151    -96.26885533         21   Succeed
  152    -96.26715156         33   Succeed
  153    -96.14997517         33   Succeed
  154    -96.23663202         34   Succeed
  155    -96.25563495         15   Succeed
  156    -95.81993617         20   Succeed
  157    -96.24159005         31   Succeed
  158    -96.27416996         19   Succeed
  159    -96.26460845         15   Succeed
  160    -96.25592277         26   Succeed
  161    -96.26719077         20   Succeed
  162    -96.25866979         23   Succeed
  163    -96.25764496         30   Succeed
  164    -96.25433813         17   Succeed
  165    -96.16351336         38   Succeed
  166    -96.26023135         19   Succeed
  167    -96.27359171         25   Succeed
  168    -96.26896647         22   Succeed
  169    -96.26653328         24   Succeed
  170    -96.28435432          6   Succeed
  171    -96.20734449          3   Succeed
  172    -96.26176221         26   Succeed
  173    -96.28918888         13   Succeed
  174    -96.24757844         29   Succeed
  175    -96.25083179         27   Succeed
  176    -96.26302160         37   Succeed
  177    -96.29182479         11   Succeed
  178    -96.03912318          8   Succeed
  179    -96.22512902         33   Succeed
  180    -96.27331539         30   Succeed
  181    -96.23838167         39   Succeed
  182    -96.23645345         35   Succeed
  183    -96.18487523         35   Succeed
  184    -95.82462791          4   Succeed
  185    -96.27701445         23   Succeed
  186    -95.80703172          5   Succeed
  187    -96.27985458         28   Succeed
  188    -96.26795557         12   Succeed
  189    -96.15921232         41   Succeed
  190    -96.27897420         25   Succeed
  191    -96.26043929         17   Succeed
  192    -96.26180187         26   Succeed
  193    -96.26288633         24   Succeed
  194    -96.26044341         19   Succeed
  195    -96.25912057         29   Succeed
  196    -96.25775202         21   Succeed
  197    -96.26679246         22   Succeed
  198    -96.25660931         30   Succeed
  199    -96.14087395         25   Succeed
  200    -96.26096070         23   Succeed
  201    -96.24976126         19   Succeed
  202    -96.25718180         22   Succeed
  203    -96.26257459         23   Succeed
  204    -96.26842288         16   Succeed
  205    -96.08725806         37   Succeed
  206    -96.23649623         35   Succeed
  207    -96.13159686         42   Succeed
  208    -96.25179237         11   Succeed
  209    -96.26984987         28   Succeed
  210    -96.26347859         12   Succeed
  211    -96.26325322         21   Succeed
  212    -96.28730660         24   Succeed
  213    -96.23859697         35   Succeed
  214    -96.23818611         32   Succeed
  215    -96.25732007         27   Succeed
  216    -96.25027299         16   Succeed
  217    -96.24819822         31   Succeed
  218    -96.26794018         30   Succeed
  219    -96.27090134         17   Succeed
  220    -96.24698961         29   Succeed
  221    -96.24469865         38   Succeed
  222    -96.26387487         28   Succeed
  223    -96.26199830         17   Succeed
  224    -96.25630825         29   Succeed
  225    -96.27225650         17   Succeed
  226    -96.26211931         19   Succeed
  227    -96.27949909         28   Succeed
  228    -96.26934954         19   Succeed
  229    -96.25213204         14   Succeed
  230    -96.26765497         23   Succeed
  231    -96.26261638         29   Succeed
  232    -96.26082781         21   Succeed
  233    -96.28021215         26   Succeed
  234    -96.26618829         20   Succeed
  235    -96.14260833         20   Succeed
  236    -96.25030049          9   Succeed
  237    -96.26253575         23   Succeed
  238    -96.25774515         30   Succeed
  239    -96.09726314         30   Succeed
  240    -96.27725225         27   Succeed
  241    -96.29511969          5   Succeed
  242    -96.03912318          8   Succeed
  243    -96.26801673         22   Succeed
  244    -96.25768407         17   Succeed
  245    -96.27106226         18   Succeed
  246    -96.25648940         28   Succeed
  247    -96.28704455          9   Succeed
  248    -96.25428363         22   Succeed
  249    -96.13452623         36   Succeed
  250    -96.26390956         29   Succeed
  251    -96.26567474         24   Succeed
  252    -96.29539820          6   Succeed
  253    -96.25292261         18   Succeed
  254    -96.26147096         29   Succeed
  255    -96.29227959          7   Succeed
  256    -96.29513357         12   Succeed
  257    -96.29541255          5   Succeed
  258    -96.26974777         28   Succeed
  259    -96.29192988          5   Succeed
  260    -96.29440686         10   Succeed
  261    -96.25973624         29   Succeed
  262    -96.23657365         35   Succeed
  263    -96.26119722         21   Succeed
  264    -96.27268741         20   Succeed
  265    -96.29527295          9   Succeed
  266    -96.25673334         21   Succeed
  267    -96.27106883         20   Succeed
  268    -96.27626025         30   Succeed
  269    -96.26738845         14   Succeed
  270    -96.26553677         26   Succeed
  271    -96.25892413         21   Succeed
  272    -96.26198865         12   Succeed
  273    -96.28630329         13   Succeed
  274    -96.26759842         20   Succeed
  275    -96.28302607         26   Succeed
  276    -96.23091138         21   Succeed
  277    -96.25435037         30   Succeed
  278    -96.29554361          4   Succeed
  279    -96.26440965         19   Succeed
  280    -96.27620315         23   Succeed
  281    -96.29521072          4   Succeed
  282    -96.26952773         23   Succeed
  283    -96.29497356         17   Succeed
  284    -96.27832896          8   Succeed
  285    -96.18306453         37   Succeed
  286    -96.25754326         18   Succeed
  287    -96.27144800         15   Succeed
  288    -96.27065628         24   Succeed
  289    -96.29125826         10   Succeed
  290    -96.26157649         20   Succeed
  291    -96.26188326         10   Succeed
  292    -96.25374381         30   Succeed
  293    -96.26235814         17   Succeed
  294    -96.27173532         18   Succeed
  295    -96.28592650          8   Succeed
  296    -96.27616629         23   Succeed
  297    -96.25805584         21   Succeed
  298    -96.27174068         22   Succeed
  299    -96.27032080         23   Succeed
  300    -96.29479445          8   Succeed
  301    -96.27015193         21   Succeed
  302    -96.26400953         31   Succeed
  303    -96.15465089         35   Succeed
  304    -96.25945402         27   Succeed
  305    -96.26086334         21   Succeed
  306    -96.26561784         13   Succeed
  307    -95.80913315          3   Succeed
  308    -96.27966586         28   Succeed
  309    -96.13559830         19   Succeed
  310    -96.29618929          9   Succeed
  311    -96.27046845         28   Succeed
  312    -96.25587964         10   Succeed
  313    -96.29613012          4   Succeed
  314    -96.27661512         21   Succeed
  315    -96.26476135         26   Succeed
  316    -95.93040652          3   Succeed
  317    -96.28828089          9   Succeed
  318    -96.25794260         24   Succeed
  319    -96.26890577         27   Succeed
  320    -96.25796271         27   Succeed
  321    -96.28606486         14   Succeed
  322    -96.25933352         17   Succeed
  323    -96.13041068          3   Succeed
  324    -96.25872648         20   Succeed
  325    -96.29534524          4   Succeed
  326    -96.27207820         31   Succeed
  327    -96.28755696         23   Succeed
  328    -96.26171004         21   Succeed
  329    -96.28111559         16   Succeed
  330    -96.29659660          8   Succeed
  331    -96.26294525         12   Succeed
  332    -96.23501860         32   Succeed
  333    -96.27979604         18   Succeed
  334    -95.90858753         22   Succeed
  335    -96.26160132         29   Succeed
  336    -96.25863125         27   Succeed
  337    -96.29185332          8   Succeed
  338    -96.26402011         27   Succeed
  339    -96.24431923         30   Succeed
  340    -96.22694909         36   Succeed
  341    -96.26551573         22   Succeed
  342    -96.14611351         25   Succeed
  343    -96.26083466         18   Succeed
  344    -96.24924787         21   Succeed
  345    -96.29675769         11   Succeed
  346    -96.27022707         20   Succeed
  347    -96.24942316         22   Succeed
  348    -96.26304742         24   Succeed
  349    -96.29346489          9   Succeed
  350    -96.28738726          7   Succeed
  351    -96.28449563         14   Succeed
  352    -96.27169978         13   Succeed
  353    -96.27500106         28   Succeed
  354    -96.26699457         29   Succeed
  355    -96.26497564         25   Succeed
  356    -96.23876729         33   Succeed
  357    -96.27621255         21   Succeed
  358    -96.28177090         29   Succeed
  359    -96.27498227         24   Succeed
  360    -96.26621502         22   Succeed
  361    -96.26779628         29   Succeed
  362    -96.26901099         14   Succeed
  363    -96.28127005         10   Succeed
  364    -96.28041980         10   Succeed
  365    -96.26949789         25   Succeed
  366    -96.29345835         16   Succeed
  367    -96.26525546         24   Succeed
  368    -96.26553556         27   Succeed
  369    -96.29519267          8   Succeed
  370    -96.20224424         36   Succeed
  371    -96.25784415         21   Succeed
  372    -96.27697315         25   Succeed
  373    -96.27001332         21   Succeed
  374    -96.24690876         30   Succeed
  375    -95.74051726          4   Succeed
  376    -96.27086165         24   Succeed
  377    -96.14103679         37   Succeed
  378    -96.26442842         29   Succeed
  379    -96.26390509         12   Succeed
  380    -96.25884458         29   Succeed
  381    -96.26904459         14   Succeed
  382    -96.29399112          7   Succeed
  383    -96.28243196          7   Succeed
  384    -96.27543809         13   Succeed
  385    -96.27625570         28   Succeed
  386    -96.25101386         25   Succeed
  387    -96.25700887         18   Succeed
  388    -96.28645707         27   Succeed
  389    -96.22155622         37   Succeed
  390    -96.19232371         31   Succeed
  391    -96.26438029         28   Succeed
  392    -96.25045606         25   Succeed
  393    -96.25960986         16   Succeed
  394    -96.28237205         12   Succeed
  395    -96.26304724         18   Succeed
  396    -96.27959524         26   Succeed
  397    -96.28372228          8   Succeed
  398    -96.29680504          9   Succeed
  399    -96.25824921         31   Succeed
  400    -96.26673709         35   Succeed
  401    -96.26475935         20   Succeed
  402    -96.26614912         18   Succeed
  403    -96.27497381         28   Succeed
  404    -96.28441137         11   Succeed
  405    -96.28671792         20   Succeed
  406    -96.24581139         22   Succeed
  407    -96.25267584         33   Succeed
  408    -96.28283538         13   Succeed
  409    -96.26832721         20   Succeed
  410    -96.25670780         28   Succeed
  411    -96.26067429         18   Succeed
  412    -96.25714299         13   Succeed
  413    -96.25071077         22   Succeed
  414    -96.25087990         22   Succeed
  415    -96.29029579          6   Succeed
  416    -96.11392259          4   Succeed
  417    -96.27449916         19   Succeed
  418    -96.25872072         19   Succeed
  419    -96.19985132         23   Succeed
  420    -96.28919634          7   Succeed
  421    -96.26473524         21   Succeed
  422    -96.26235737         20   Succeed
  423    -96.29367362         10   Succeed
  424    -96.27144109         28   Succeed
  425    -96.26205047         25   Succeed
  426    -96.25710197         27   Succeed
  427    -96.26364702         12   Succeed
  428    -96.26150378         21   Succeed
  429    -96.28280468         20   Succeed
  430    -96.25805788         29   Succeed
  431    -96.25650639         34   Succeed
  432    -96.27338654         25   Succeed
  433    -96.26648261         22   Succeed
  434    -96.25450293         28   Succeed
  435    -96.26576071         16   Succeed
  436    -96.26060364         26   Succeed
  437    -96.27428997         22   Succeed
  438    -96.26826786         28   Succeed
  439    -96.26182238         13   Succeed
  440    -96.29178387         16   Succeed
  441    -96.26795635          9   Succeed
  442    -96.26467253         11   Succeed
  443    -96.27091048         21   Succeed
  444    -96.29613970          5   Succeed
  445    -96.26869959         21   Succeed
  446    -96.26766707         21   Succeed
  447    -96.26400406         21   Succeed
  448    -96.25095654         29   Succeed
  449    -96.26887631         24   Succeed
  450    -96.23961479         34   Succeed
  451    -96.23893173         33   Succeed
  452    -96.26398452         25   Succeed
  453    -96.29302661         21   Succeed
  454    -96.24801413         38   Succeed
  455    -96.28826664          9   Succeed
  456    -96.27166118         33   Succeed
  457    -96.25895958         15   Succeed
  458    -96.29351206          8   Succeed
  459    -96.24551326         14   Succeed
  460    -96.26134472         20   Succeed
  461    -96.24940774         23   Succeed
  462    -96.26993144         14   Succeed
  463    -96.25503862         39   Succeed
  464    -96.25494280         28   Succeed
  465    -96.27705071         16   Succeed
  466    -96.29691227         10   Succeed
  467    -96.27183058         22   Succeed
  468    -96.27945608         25   Succeed
  469    -96.27138225         22   Succeed
  470    -96.25105079         20   Succeed
  471    -96.28123617         23   Succeed
  472    -96.29679381          8   Succeed
  473    -96.27399982         23   Succeed
  474    -96.26558497         17   Succeed
  475    -96.25559711         16   Succeed
  476    -96.26181413         24   Succeed
  477    -96.26835158         21   Succeed
  478    -96.29266329         19   Succeed
  479    -95.86908793          4   Succeed
  480    -96.25689039         26   Succeed
  481    -96.27557124         25   Succeed
  482    -96.27023648         34   Succeed
  483    -96.25462826         26   Succeed
  484    -96.29593588          6   Succeed
  485    -96.25790752         18   Succeed
  486    -96.27186657         27   Succeed
  487    -96.25676365         37   Succeed
  488    -96.26953169         23   Succeed
  489    -96.27229051         17   Succeed
  490    -96.28452858         11   Succeed
  491    -96.26277591         31   Succeed
  492    -96.28566361          9   Succeed
  493    -96.29386587         10   Succeed
  494    -96.26132784         28   Succeed
  495    -96.29041024         11   Succeed
  496    -96.27997897         23   Succeed
  497    -96.26901885         20   Succeed
  498    -96.26342922         27   Succeed
  499    -96.25373981         29   Succeed
===============================================================
All the calculations are finished!

Reordered from low to high energy:
===============================================================
    #          Energy
===============================================================
  466    -96.29691227
  472    -96.29679381
  330    -96.29659660
  444    -96.29613970
  484    -96.29593588
  278    -96.29554361
  252    -96.29539820
  281    -96.29521072
  283    -96.29497356
  300    -96.29479445
  260    -96.29440686
  103    -96.29423223
  382    -96.29399112
  493    -96.29386587
  423    -96.29367362
  366    -96.29345835
  453    -96.29302661
   77    -96.29278967
  478    -96.29266329
  255    -96.29227959
  259    -96.29192988
   74    -96.29171315
  337    -96.29185332
  289    -96.29125826
  495    -96.29041024
  415    -96.29029579
   23    -96.29018816
  173    -96.28918888
  317    -96.28828089
  327    -96.28755696
  350    -96.28738726
  247    -96.28704455
  405    -96.28671792
  109    -96.28660356
  388    -96.28645707
  273    -96.28630329
  321    -96.28606486
  295    -96.28592650
  492    -96.28566361
  404    -96.28441137
  490    -96.28452858
  170    -96.28435432
  397    -96.28372228
  275    -96.28302607
  408    -96.28283538
  383    -96.28243196
  358    -96.28177090
  471    -96.28123617
  329    -96.28111559
   66    -96.28059635
  364    -96.28041980
  233    -96.28021215
  496    -96.27997897
  187    -96.27985458
   19    -96.27975345
  227    -96.27949909
  190    -96.27897420
  284    -96.27832896
  113    -96.27781598
  240    -96.27725225
  185    -96.27701445
  314    -96.27661512
  385    -96.27625570
   34    -96.27581349
  481    -96.27557124
  384    -96.27543809
  403    -96.27497381
   61    -96.27466377
  417    -96.27449916
  158    -96.27416996
  437    -96.27428997
  473    -96.27399982
   85    -96.27388588
  167    -96.27359171
  432    -96.27338654
  264    -96.27268741
  489    -96.27229051
  326    -96.27207820
  102    -96.27195646
  456    -96.27166118
  467    -96.27183058
  287    -96.27144800
    2    -96.27124402
  245    -96.27106226
  443    -96.27091048
   25    -96.27059966
  311    -96.27046845
  482    -96.27023648
  112    -96.27038662
   70    -96.27012895
  373    -96.27001332
   20    -96.26988198
  258    -96.26974777
  488    -96.26953169
   60    -96.26925513
  381    -96.26904459
  449    -96.26887631
  445    -96.26869959
   68    -96.26856403
  204    -96.26842288
  438    -96.26826786
  441    -96.26795635
  361    -96.26779628
   89    -96.26789722
  124    -96.26775136
  274    -96.26759842
  269    -96.26738845
  161    -96.26719077
  354    -96.26699457
  197    -96.26679246
  169    -96.26653328
   53    -96.26617080
   17    -96.26601559
  138    -96.26582878
    4    -96.26572760
  306    -96.26561784
  435    -96.26576071
  341    -96.26551573
  367    -96.26525546
   94    -96.26509804
   13    -96.26499217
  401    -96.26475935
  144    -96.26464580
  279    -96.26440965
  302    -96.26400953
  379    -96.26390509
   96    -96.26376199
  427    -96.26364702
    0    -96.26353570
  498    -96.26342922
  211    -96.26325322
  395    -96.26304724
  193    -96.26288633
  176    -96.26302160
  491    -96.26277591
  203    -96.26257459
  293    -96.26235814
  141    -96.26218425
  425    -96.26205047
  172    -96.26176221
  291    -96.26188326
  335    -96.26160132
  460    -96.26134472
  254    -96.26147096
  494    -96.26132784
   32    -96.26112791
  121    -96.26095601
  411    -96.26067429
  343    -96.26083466
    7    -96.26061175
  191    -96.26043929
  166    -96.26023135
   50    -96.26007669
  261    -96.25973624
  393    -96.25960986
  304    -96.25945402
  322    -96.25933352
  195    -96.25912057
  457    -96.25895958
  380    -96.25884458
  336    -96.25863125
   37    -96.25851985
  142    -96.25837477
  399    -96.25824921
   40    -96.25803275
  485    -96.25790752
  238    -96.25774515
  163    -96.25764496
  286    -96.25754326
  215    -96.25732007
  412    -96.25714299
  387    -96.25700887
  480    -96.25689039
  266    -96.25673334
   64    -96.25657323
  224    -96.25630825
  117    -96.25616283
  160    -96.25592277
   90    -96.25570595
  475    -96.25559711
   93    -96.25516122
  463    -96.25503862
  483    -96.25462826
  434    -96.25450293
  277    -96.25435037
  292    -96.25374381
   36    -96.25342809
  110    -96.25319102
  253    -96.25292261
  407    -96.25267584
   91    -96.25247352
  229    -96.25213204
  208    -96.25179237
   71    -96.25140636
  386    -96.25101386
  414    -96.25087990
  470    -96.25105079
  175    -96.25083179
  413    -96.25071077
  392    -96.25045606
  236    -96.25030049
  201    -96.24976126
  461    -96.24940774
  344    -96.24924787
   54    -96.24914535
   92    -96.24853018
  217    -96.24819822
  454    -96.24801413
  174    -96.24757844
  220    -96.24698961
  148    -96.24608936
  406    -96.24581139
  459    -96.24551326
  149    -96.24485881
  221    -96.24469865
  339    -96.24431923
   26    -96.24401143
   95    -96.24313370
  157    -96.24159005
  119    -96.24096710
  450    -96.23961479
  451    -96.23893173
  356    -96.23876729
  213    -96.23859697
  181    -96.23838167
  214    -96.23818611
  131    -96.23733946
   87    -96.23705640
  154    -96.23663202
  206    -96.23649623
  100    -96.23600995
   48    -96.23545256
  332    -96.23501860
   58    -96.23292588
  276    -96.23091138
  340    -96.22694909
  179    -96.22512902
  389    -96.22155622
  115    -96.21673162
   24    -96.21147172
  146    -96.20799264
  171    -96.20734449
  370    -96.20224424
  419    -96.19985132
  390    -96.19232371
   59    -96.18646148
  183    -96.18487523
  285    -96.18306453
  111    -96.16637189
  165    -96.16351336
   39    -96.16288743
  189    -96.15921232
  303    -96.15465089
  153    -96.14997517
   21    -96.14961423
   42    -96.14847578
  342    -96.14611351
  235    -96.14260833
  377    -96.14103679
  199    -96.14087395
  309    -96.13559830
  249    -96.13452623
  207    -96.13159686
  323    -96.13041068
  416    -96.11392259
  135    -96.09983875
  239    -96.09726314
  205    -96.08725806
   99    -96.06844065
  178    -96.03912318
  118    -96.02110102
  114    -96.01389164
  104    -95.94206959
  316    -95.93040652
  334    -95.90858753
   78    -95.90396792
  479    -95.86908793
  184    -95.82462791
  156    -95.81993617
  307    -95.80913315
   83    -95.80865943
  186    -95.80703172
   73    -95.78790811
   62    -95.77271466
  375    -95.74051726
   29    -95.70475892
   49    -94.20306131
===============================================================

===== (^ _ ^) =====
Normal termination at Mon Feb 24 15:10:02 2020.
Total run time: 10765 seconds = 0 days 2 hours 59 minutes 25 seconds.
