                                                      
       * * * * * * * * * * * * * * * * * *            
      *       ____   _____ _           _   *          
     *  /\   |  _ \ / ____| |         | |  * * * * *  
    *  /  \  | |_) | |    | |_   _ ___| |_ ___ _ __  *
   *  / /\ \ |  _ <| |    | | | | / __| __/ _ \ '__| *
  *  / ____ \| |_) | |____| | |_| \__ \ ||  __/ |  *  
  * /_/    \_\____/ \_____|_|\__,_|___/\__\___|_|  *  
  *                                                *  
  * * * * * * * * * * * * * * * * * * * * * * * * *   
                                                      

ABCluster 2.1
Specific flag:  official version
Platform:       LINUX/UNIX
Compiled by:    zhan055@mitcluster3.pnl.gov
Compiling date: Feb 24 2020 08:51:34
C++ compiler:   g++ (GCC) 8.1.0
C++ options:    -O3 -Os -fno-exceptions --std=c++11 -fopenmp   

Contributors:
Jun Zhang(University of Cologne): Design and coding.

For any suggestions, comments, and questions on the theory and
implementation of ABCluster, please feel free to contact:

Dr. Jun Zhang, ZhangJunQcc@gmail.com

If you used this program in your work, please cite these references:

[1] Zhang, J.; Dolg, M.; ABCluster: The Artificial Bee Colony Algorithm for
    Cluster Global Optimization. Phys. Chem. Chem. Phys. 2015, 17, 24173-24181.
[2] Zhang, J.; Dolg, M.; Global Optimization of Clusters of Rigid Molecules by the
    Artificial Bee Colony Algorithm. Phys. Chem. Chem. Phys. 2016, 18, 3003-3010.

Program starts at Mon Feb 24 15:30:26 2020.
Command line: " ../lego emimcl.inp "
Process ID:   19257
Run by:       zhan055@compute-0-28.local
Available CPU cores:    12
Read "OMP_NUM_THREADS": Unset

Random number testing (integers): 1626564909...808148476
Random number testing (fractals): 0.35996527...0.38340170

 -- Input/Output Parameters --
Input file name:       emimcl.inp
Cluster file name:     emimcl.cluster
Result file directory: emimcl-LM

 -- Cluster Components: from [ emimcl.cluster ] --
 -------------------------------------------------
   Source                                       #
 -------------------------------------------------
   emim.xyz                                     3
   cl.xyz                                       5
 -------------------------------------------------

 -- Structure Generation --
   0 emim.xyz: Distributed inside the box (0.000, 0.000, 0.000) - (10.000, 10.000, 10.000).
   1 cl.xyz: Distributed inside the box (0.000, 0.000, 0.000) - (10.000, 10.000, 10.000).

 -- External Commands --
cp $inp$ $xxx$.xyz
../xtb $xxx$.xyz -chrg -2 -o > $xxx$.out
energy=`awk 'NR==2{print $2}' xtbopt.xyz` ; sed -i "2c ${energy}" xtbopt.xyz
mv xtbopt.xyz $out$
rm $xxx$.xyz $xxx$.out charges wbo xtbopt.log xtbrestart

 -- Lego Optimization --
Will perform at most 500 calculations.
A coarse optimization will be done for each generated structure.
Cluster energy boundary for training: (-96.27600000, 100.00000000)
===============================================================
    #          Energy       Time   State
===============================================================
    0    -96.25398955         28   Succeed
    1    -96.26362945         22   Succeed
    2    -96.26836243         24   Succeed
    3    -96.16602094         31   Succeed
    4    -96.26827279         24   Succeed
    5    -96.27281193         30   Succeed
    6    -96.26958297         30   Succeed
    7    -96.27217183         15   Succeed
    8    -96.26381514         27   Succeed
    9    -96.28382145         28   Succeed
   10    -96.25488974         32   Succeed
   11    -96.24386262         31   Succeed
   12    -96.26875117         29   Succeed
   13    -96.26627738         15   Succeed
   14    -96.01917326          4   Succeed
   15    -96.27208719         24   Succeed
   16    -96.26168824         20   Succeed
   17    -96.25621758         27   Succeed
   18    -95.99928533          4   Succeed
   19    -96.28586528         24   Succeed
   20    -96.27487718         22   Succeed
   21    -96.25910981         21   Succeed
   22    -96.27002437         28   Succeed
   23    -96.26874530         29   Succeed
   24    -95.88333014          4   Succeed
   25    -96.26159632         16   Succeed
   26    -96.27311406         27   Succeed
   27    -96.26366945         18   Succeed
   28    -96.24357521         19   Succeed
   29    -96.28082161         20   Succeed
   30    -96.26717030         20   Succeed
   31    -96.25363062         26   Succeed
   32    -96.15784593         36   Succeed
   33    -96.25876268         27   Succeed
   34    -96.22473370         31   Succeed
   35    -96.26639714         23   Succeed
   36    -96.26242356         16   Succeed
   37    -96.25724954         19   Succeed
   38    -96.26382535         23   Succeed
   39    -96.05318074          5   Succeed
   40    -96.26482134         16   Succeed
   41    -96.27595920         27   Succeed
   42    -96.27350832         28   Succeed
   43    -96.25634153         20   Succeed
   44    -96.27248727         22   Succeed
   45    -96.24845915         23   Succeed
   46    -96.28443015         21   Succeed
   47    -96.27318937         18   Succeed
   48    -96.26628817         18   Succeed
   49    -96.25298724         29   Succeed
   50    -96.28290385         26   Succeed
   51    -96.27261567         23   Succeed
   52    -96.23930917         30   Succeed
   53    -96.08624677          5   Succeed
   54    -96.26753246         17   Succeed
   55    -96.27317411         22   Succeed
   56    -96.28849321         27   Succeed
   57    -96.27975211         27   Succeed
   58    -96.28700272          9   Succeed
   59    -96.26947211         22   Succeed
   60    -96.23815665         32   Succeed
   61    -96.26865121         20   Succeed
   62    -96.25959209         15   Succeed
   63    -96.26044262         14   Succeed
   64    -96.26694168         17   Succeed
   65    -96.07856940         40   Succeed
   66    -96.27100565         27   Succeed
   67    -96.27227346         27   Succeed
   68    -96.27654227         19   Succeed
   69    -96.20234508         28   Succeed
   70    -96.26797931         16   Succeed
   71    -96.25143603         26   Succeed
   72    -96.23934843         31   Succeed
   73    -96.25923119         24   Succeed
   74    -96.27345495         22   Succeed
   75    -96.27539803         25   Succeed
   76    -96.12808398         26   Succeed
   77    -96.24620943         22   Succeed
   78    -96.23925866         33   Succeed
   79    -96.26226691         17   Succeed
   80    -96.24086732         35   Succeed
   81    -96.17042440         36   Succeed
   82    -96.25524600         20   Succeed
   83    -96.26300365         16   Succeed
   84    -96.23551702         36   Succeed
   85    -96.25734977         18   Succeed
   86    -96.27533139         21   Succeed
   87    -96.27286970         21   Succeed
   88    -96.27234905         12   Succeed
   89    -96.27217268         26   Succeed
   90    -96.26985521         18   Succeed
   91    -96.25933322         19   Succeed
   92    -95.85263406         25   Succeed
   93    -96.25915696         20   Succeed
   94    -96.26534953         14   Succeed
   95    -96.26785700         17   Succeed
   96    -96.28666751         28   Succeed
   97    -96.23623214         29   Succeed
   98    -96.25797190         16   Succeed
   99    -96.27087084         24   Succeed
  100    -96.27356281         16   Succeed
  101    -96.25957059         29   Succeed
  102    -96.27457288         19   Succeed
  103    -96.24833774         24   Succeed
  104    -96.26172460         28   Succeed
  105    -96.26644949         32   Succeed
  106    -96.26484253         21   Succeed
  107    -96.27521153         23   Succeed
  108    -96.27257354         27   Succeed
  109    -96.25522884         35   Succeed
  110    -96.27240256         29   Succeed
  111    -96.24191606         23   Succeed
  112    -96.25557492         20   Succeed
  113    -96.26409530         25   Succeed
  114    -96.25799961         22   Succeed
  115    -95.99413904         13   Succeed
  116    -96.26242933         26   Succeed
  117    -96.12939757         44   Succeed
  118    -96.26265504         23   Succeed
  119    -95.99507213          3   Succeed
  120    -96.22726608         33   Succeed
  121    -96.16550906         36   Succeed
  122    -96.26663651         23   Succeed
  123    -96.26385860         11   Succeed
  124    -96.26942482         19   Succeed
  125    -96.24429782         11   Succeed
  126    -96.25720612         20   Succeed
  127    -96.27724774         22   Succeed
  128    -96.26881864         16   Succeed
  129    -96.14275695         25   Succeed
  130    -96.25201161         23   Succeed
  131    -96.26804497         16   Succeed
  132    -96.25737718         26   Succeed
  133    -96.25982963         33   Succeed
  134    -96.26154840         23   Succeed
  135    -96.25759873         32   Succeed
  136    -96.26720106         22   Succeed
  137    -96.25688981         16   Succeed
  138    -96.27358724         17   Succeed
  139    -96.23475325         34   Succeed
  140    -96.25519557         14   Succeed
  141    -96.27170945         19   Succeed
  142    -96.24718103         29   Succeed
  143    -96.25572978         20   Succeed
  144    -96.27196171         22   Succeed
  145    -96.27330561         32   Succeed
  146    -96.23921004         32   Succeed
  147    -96.26295008         30   Succeed
  148    -96.25895587         17   Succeed
  149    -96.26529891         12   Succeed
  150    -96.26475364         21   Succeed
  151    -96.25106504         20   Succeed
  152    -96.25182757         18   Succeed
  153    -96.25862687         20   Succeed
  154    -96.26957505         26   Succeed
  155    -96.26399070         19   Succeed
  156    -96.25645423         31   Succeed
  157      0.00000000         19   The structure is not updated due to the calculation error.
  158    -96.25593126         21   Succeed
  159    -96.27419817         24   Succeed
  160    -95.72627452          3   Succeed
  161    -96.26263484         16   Succeed
  162    -96.25361169         21   Succeed
  163    -96.25481003         24   Succeed
  164    -96.26536545         19   Succeed
  165    -95.99467394         31   Succeed
  166    -96.27531992         25   Succeed
  167    -96.25953142         22   Succeed
  168    -96.27060895         22   Succeed
  169    -96.26341706         20   Succeed
  170    -96.28574466          6   Succeed
  171    -96.26299301         22   Succeed
  172    -96.26285885         22   Succeed
  173    -96.26654077         26   Succeed
  174    -96.26202427         14   Succeed
  175    -96.26452436         31   Succeed
  176    -96.26353892         24   Succeed
  177    -96.24086119         29   Succeed
  178    -96.25880784         28   Succeed
  179    -96.27842429         27   Succeed
  180    -96.27064061         16   Succeed
  181    -96.27040226         14   Succeed
  182    -96.26578971         19   Succeed
  183    -96.24873446         28   Succeed
  184    -96.25828139         24   Succeed
  185    -96.27566801         19   Succeed
  186    -96.26723037         14   Succeed
  187    -96.24112271         32   Succeed
  188    -96.24804947         27   Succeed
  189    -96.26842704         22   Succeed
  190    -96.09331836         39   Succeed
  191    -96.26511040         20   Succeed
  192    -96.28392243          7   Succeed
  193    -96.28494473         27   Succeed
  194    -96.25757363         22   Succeed
  195    -96.24393462         27   Succeed
  196    -96.26453716         25   Succeed
  197    -96.25748277         25   Succeed
  198    -96.28030605         13   Succeed
  199    -96.27348832         26   Succeed
  200    -96.29312722         26   Succeed
  201    -96.26167331         11   Succeed
  202    -96.27440802         15   Succeed
  203    -96.27332968         18   Succeed
  204    -96.25297494         24   Succeed
  205    -96.26595383         11   Succeed
  206    -96.08890675          3   Succeed
  207    -96.23461749         35   Succeed
  208    -96.23946193         22   Succeed
  209    -96.25910362         27   Succeed
  210    -96.22614298         30   Succeed
  211    -96.26806184         10   Succeed
  212    -96.27138732         20   Succeed
  213    -96.27582442         22   Succeed
  214    -96.25233508         18   Succeed
  215    -96.27196902         22   Succeed
  216    -96.28518621         18   Succeed
  217    -96.26018511         20   Succeed
  218    -96.25606222         30   Succeed
  219    -96.28846595         19   Succeed
  220    -96.20934111         34   Succeed
  221    -96.28357364         18   Succeed
  222    -96.27647674         35   Succeed
  223    -96.25708060         21   Succeed
  224    -96.26819536         20   Succeed
  225    -96.29417658          5   Succeed
  226    -96.28575535         24   Succeed
  227    -96.26006002         25   Succeed
  228    -96.27131173         21   Succeed
  229    -96.26176787         27   Succeed
  230    -96.27114498         19   Succeed
  231    -96.25757272         20   Succeed
  232    -96.28859450         22   Succeed
  233    -96.27331260         29   Succeed
  234    -95.90835270         27   Succeed
  235    -96.24973686         13   Succeed
  236    -96.26456335         29   Succeed
  237    -96.28012516         30   Succeed
  238    -96.23870611         36   Succeed
  239    -96.27939902         29   Succeed
  240    -96.27159923         21   Succeed
  241    -96.24635281         30   Succeed
  242    -96.26619345         18   Succeed
  243    -96.27713525         25   Succeed
  244    -96.25958536         15   Succeed
  245    -96.13013192         37   Succeed
  246    -96.29557935         22   Succeed
  247    -96.27242184          8   Succeed
  248    -96.25900976         20   Succeed
  249    -96.29620234          5   Succeed
  250    -96.26032934         15   Succeed
  251    -96.26085610         28   Succeed
  252    -96.23304922         38   Succeed
  253    -96.24946079         19   Succeed
  254    -96.28656597         29   Succeed
  255    -96.25630325         25   Succeed
  256    -96.15805752         33   Succeed
  257      0.00000000          2   The structure is not updated due to the calculation error.
  258    -96.28012681         17   Succeed
  259    -96.26779808         16   Succeed
  260    -96.27311377         28   Succeed
  261    -96.11731888         29   Succeed
  262    -96.09873878         37   Succeed
  263    -96.27166484         12   Succeed
  264    -96.26981735         28   Succeed
  265    -96.25855069         16   Succeed
  266    -96.29770477         12   Succeed
  267    -96.27628906         29   Succeed
  268    -96.26686272         25   Succeed
  269    -96.26594039         20   Succeed
  270    -96.26478387         24   Succeed
  271    -96.26255706         13   Succeed
  272    -96.26903341         18   Succeed
  273    -96.28796793         15   Succeed
  274    -96.25783296         20   Succeed
  275    -96.26716879         12   Succeed
  276    -96.28955401         23   Succeed
  277    -96.27930073         27   Succeed
  278    -98.26360702          6   Succeed
  279    -96.27273355         21   Succeed
  280    -96.26430310         20   Succeed
  281    -96.27196305         25   Succeed
  282    -96.27029785         26   Succeed
  283    -96.27225004         18   Succeed
  284    -96.24308589         24   Succeed
  285    -96.26602874         19   Succeed
  286    -96.26401343         25   Succeed
  287    -96.29357406         18   Succeed
  288    -96.27710675         24   Succeed
  289    -96.26403375         33   Succeed
  290    -96.08930801         40   Succeed
  291    -96.27298812         14   Succeed
  292    -96.26420582         22   Succeed
  293    -96.17924360         43   Succeed
  294    -96.26994254         27   Succeed
  295    -96.27933278         24   Succeed
  296    -96.25781478         23   Succeed
  297    -96.29300076         14   Succeed
  298    -96.26079589         23   Succeed
  299    -96.26868348         12   Succeed
  300    -96.25971279         13   Succeed
  301    -96.24937253         24   Succeed
  302    -96.29467691         12   Succeed
  303    -96.26276332         21   Succeed
  304    -96.27470929         20   Succeed
  305    -96.27306425         27   Succeed
  306    -96.26205597         17   Succeed
  307    -96.24790100         14   Succeed
  308    -96.28691066         25   Succeed
  309    -96.27260540         17   Succeed
  310    -96.23654856         40   Succeed
  311    -96.26426333         31   Succeed
  312    -96.26606336         13   Succeed
  313    -96.26905186         22   Succeed
  314    -96.25415824         29   Succeed
  315    -96.29412588          6   Succeed
  316    -96.29498607          5   Succeed
  317    -96.27161542         21   Succeed
  318    -96.25341893         22   Succeed
  319    -96.25567328         23   Succeed
  320    -96.27630086         11   Succeed
  321    -96.25013645         21   Succeed
  322    -96.19599211         35   Succeed
  323    -96.14880806         34   Succeed
  324    -96.28073416         26   Succeed
  325    -96.25980389         23   Succeed
  326    -96.27391290         19   Succeed
  327    -96.26111167         26   Succeed
  328    -96.27029180         28   Succeed
  329    -96.29618053         12   Succeed
  330    -96.27293044         28   Succeed
  331    -96.26159159         19   Succeed
  332    -96.16856567         41   Succeed
  333    -96.25505567         28   Succeed
  334    -96.26965029         25   Succeed
  335    -96.25676442         33   Succeed
  336    -96.25861331         24   Succeed
  337    -96.27115714         24   Succeed
  338    -96.25736427         29   Succeed
  339    -96.25962796         16   Succeed
  340    -96.26001748         21   Succeed
  341    -96.27596456         23   Succeed
  342    -96.27265795         14   Succeed
  343    -96.29680817          8   Succeed
  344    -96.25484647         20   Succeed
  345    -96.25940333         27   Succeed
  346    -96.25619922         23   Succeed
  347    -96.26908295         20   Succeed
  348    -96.24116739         21   Succeed
  349    -96.29594282         10   Succeed
  350    -96.26254110         14   Succeed
  351    -96.27693644         29   Succeed
  352    -96.26036158         31   Succeed
  353    -96.26043286         16   Succeed
  354    -96.25792582         21   Succeed
  355    -96.25731394         27   Succeed
  356    -96.27546900         29   Succeed
  357    -96.26569868         24   Succeed
  358    -96.25257221         17   Succeed
  359    -96.25716900         28   Succeed
  360    -96.26295251         27   Succeed
  361    -96.27684861         24   Succeed
  362    -96.26712727         26   Succeed
  363    -96.28901442          8   Succeed
  364    -96.27447800         25   Succeed
  365    -96.26404207         28   Succeed
  366    -96.26221501         21   Succeed
  367    -96.28158772         23   Succeed
  368    -96.26022513         21   Succeed
  369    -96.29674100         11   Succeed
  370    -96.27150711         27   Succeed
  371    -96.26715972         22   Succeed
  372    -96.27203905         18   Succeed
  373    -96.25695600         23   Succeed
  374    -96.26214375         22   Succeed
  375    -96.26011556         12   Succeed
  376    -96.29196290         12   Succeed
  377    -96.27161002         23   Succeed
  378    -96.27162641         27   Succeed
  379    -96.29183353         14   Succeed
  380    -96.27224414         14   Succeed
  381    -96.26773362         21   Succeed
  382    -96.25690726         19   Succeed
  383    -96.25418413         11   Succeed
  384    -96.26825297         29   Succeed
  385    -96.28206280          9   Succeed
  386    -96.14683256          3   Succeed
  387    -96.26576994         22   Succeed
  388    -96.28060871         29   Succeed
  389    -96.26617517         16   Succeed
  390    -96.26363890         11   Succeed
  391    -96.27426434         21   Succeed
  392    -96.28348863         12   Succeed
  393    -96.27226539         20   Succeed
  394    -96.26714523         17   Succeed
  395    -96.26695391         19   Succeed
  396    -96.26585539         12   Succeed
  397    -96.28206280          8   Succeed
  398    -96.26053558         23   Succeed
  399    -96.26338829         12   Succeed
  400    -96.26389868         32   Succeed
  401    -96.27130554         26   Succeed
  402    -96.27263749         21   Succeed
  403    -96.26159838         20   Succeed
  404    -96.26450827         15   Succeed
  405    -96.28554862         18   Succeed
  406    -96.26396783         28   Succeed
  407    -91.91551031          7   Succeed
  408    -96.25939409         29   Succeed
  409    -96.15928195         41   Succeed
  410    -96.24509210         22   Succeed
  411    -96.29570407          7   Succeed
  412    -96.14384584         37   Succeed
  413    -96.26378715         20   Succeed
  414    -96.25038334         26   Succeed
  415    -96.27524176         17   Succeed
  416    -96.27741550         30   Succeed
  417    -96.16652646         35   Succeed
  418    -96.28048019         29   Succeed
  419    -96.28111146         25   Succeed
  420    -96.26827627         22   Succeed
  421    -96.26317123         28   Succeed
  422    -96.27514625         25   Succeed
  423    -96.25641957         30   Succeed
  424    -96.26696987         15   Succeed
  425    -96.24784662         36   Succeed
  426    -96.26114814         23   Succeed
  427    -96.25878618         28   Succeed
  428    -96.27578187         26   Succeed
  429    -96.28459577         25   Succeed
  430    -96.15569174         35   Succeed
  431    -96.25119560         12   Succeed
  432    -96.28451126         18   Succeed
  433    -96.25654742         23   Succeed
  434    -96.26139120         23   Succeed
  435    -96.29535842          3   Succeed
  436    -96.26870356         29   Succeed
  437    -96.27305585         11   Succeed
  438    -96.25843198         16   Succeed
  439    -96.26224039         22   Succeed
  440    -96.26744266         15   Succeed
  441    -96.25929489         12   Succeed
  442    -96.25856634         24   Succeed
  443    -96.29707625         10   Succeed
  444    -96.25591333         23   Succeed
  445    -96.26426807         19   Succeed
  446    -96.26722116         20   Succeed
  447    -96.25116896         20   Succeed
  448    -96.27491473         30   Succeed
  449    -96.26777487         25   Succeed
  450    -96.26904258         21   Succeed
  451    -96.10107238         37   Succeed
  452    -95.76118422          5   Succeed
  453    -96.26316534         11   Succeed
  454    -96.27090506         13   Succeed
  455    -96.27306586         33   Succeed
  456    -96.25414692         19   Succeed
  457    -96.25542411         17   Succeed
  458    -96.28175121         17   Succeed
  459    -96.26486753         22   Succeed
  460    -96.26605370         21   Succeed
  461    -96.27522497         18   Succeed
  462    -96.25318345         30   Succeed
  463    -96.27208974         30   Succeed
  464    -96.26640140         22   Succeed
  465    -96.27270043         24   Succeed
  466    -96.26318668         26   Succeed
  467    -96.28899686         12   Succeed
  468    -96.26651437         30   Succeed
  469    -95.89469666          6   Succeed
  470    -96.25859378         27   Succeed
  471    -96.26140560         14   Succeed
  472    -96.29002815          8   Succeed
  473    -96.26570301         27   Succeed
  474    -96.18095645         23   Succeed
  475    -96.27364572         22   Succeed
  476    -95.81538721         22   Succeed
  477    -96.15479702         32   Succeed
  478    -96.23141515         22   Succeed
  479    -96.24976564         19   Succeed
  480    -96.27253479         11   Succeed
  481    -96.27134175         19   Succeed
  482    -96.25224518         20   Succeed
  483    -96.26965446         24   Succeed
  484    -96.26832395         20   Succeed
  485    -96.29700157         12   Succeed
  486    -96.27467311         24   Succeed
  487    -96.28679829          6   Succeed
  488    -96.25756969         10   Succeed
  489    -96.27264677         18   Succeed
  490    -96.26768138         27   Succeed
  491    -96.25915643         25   Succeed
  492    -96.28610000         23   Succeed
  493    -96.27327688         22   Succeed
  494    -96.25238452         22   Succeed
  495    -96.27062040         28   Succeed
  496    -96.25858625         22   Succeed
  497    -96.23678472         26   Succeed
  498    -96.27609826         20   Succeed
  499    -96.26228986         16   Succeed
===============================================================
All the calculations are finished!

Reordered from low to high energy:
===============================================================
    #          Energy
===============================================================
   41    -96.27595920
  428    -96.27578187
  185    -96.27566801
  356    -96.27546900
   86    -96.27533139
  461    -96.27522497
  448    -96.27491473
  486    -96.27467311
  364    -96.27447800
  159    -96.27419817
  326    -96.27391290
  475    -96.27364572
  199    -96.27348832
  145    -96.27330561
   47    -96.27318937
  291    -96.27298812
   87    -96.27286970
  402    -96.27263749
    5    -96.27281193
  108    -96.27257354
  465    -96.27270043
  480    -96.27253479
  247    -96.27242184
   67    -96.27227346
   15    -96.27208719
  283    -96.27225004
  281    -96.27196305
  378    -96.27162641
  370    -96.27150711
  481    -96.27134175
  230    -96.27114498
   66    -96.27100565
   99    -96.27087084
  495    -96.27062040
  181    -96.27040226
  282    -96.27029785
   22    -96.27002437
   90    -96.26985521
  334    -96.26965029
   59    -96.26947211
  450    -96.26904258
   12    -96.26875117
    2    -96.26836243
  384    -96.26825297
  211    -96.26806184
  259    -96.26779808
  490    -96.26768138
  440    -96.26744266
  136    -96.26720106
  395    -96.26695391
  105    -96.26644949
  122    -96.26663651
  468    -96.26651437
  464    -96.26640140
  242    -96.26619345
  285    -96.26602874
  182    -96.26578971
  269    -96.26594039
  387    -96.26576994
  164    -96.26536545
  191    -96.26511040
  270    -96.26478387
  236    -96.26456335
  280    -96.26430310
  289    -96.26403375
  400    -96.26389868
  413    -96.26378715
    1    -96.26362945
  169    -96.26341706
  466    -96.26318668
  171    -96.26299301
  172    -96.26285885
   83    -96.26300365
  303    -96.26276332
  118    -96.26265504
  350    -96.26254110
  116    -96.26242933
  366    -96.26221501
  306    -96.26205597
  104    -96.26172460
  331    -96.26159159
  434    -96.26139120
  426    -96.26114814
  298    -96.26079589
  398    -96.26053558
  352    -96.26036158
  368    -96.26022513
  340    -96.26001748
  133    -96.25982963
  339    -96.25962796
  325    -96.25980389
  244    -96.25958536
  345    -96.25940333
  441    -96.25929489
   93    -96.25915696
  148    -96.25895587
  209    -96.25910362
   33    -96.25876268
  496    -96.25858625
  438    -96.25843198
  184    -96.25828139
  114    -96.25799961
  296    -96.25781478
  354    -96.25792582
  231    -96.25757272
  338    -96.25736427
  359    -96.25716900
  373    -96.25695600
  335    -96.25676442
  433    -96.25654742
   43    -96.25634153
  346    -96.25619922
  218    -96.25606222
  444    -96.25591333
  143    -96.25572978
  112    -96.25557492
  457    -96.25542411
   82    -96.25524600
  333    -96.25505567
   10    -96.25488974
  456    -96.25414692
    0    -96.25398955
  162    -96.25361169
  318    -96.25341893
  462    -96.25318345
   49    -96.25298724
  358    -96.25257221
  494    -96.25238452
  482    -96.25224518
  130    -96.25201161
  152    -96.25182757
   71    -96.25143603
  447    -96.25116896
  151    -96.25106504
  414    -96.25038334
  321    -96.25013645
  479    -96.24976564
  253    -96.24946079
  183    -96.24873446
   45    -96.24845915
  103    -96.24833774
  188    -96.24804947
  307    -96.24790100
  142    -96.24718103
  241    -96.24635281
   77    -96.24620943
  410    -96.24509210
  125    -96.24429782
   11    -96.24386262
   28    -96.24357521
  284    -96.24308589
  111    -96.24191606
  187    -96.24112271
   80    -96.24086732
  208    -96.23946193
   78    -96.23925866
  238    -96.23870611
   60    -96.23815665
  497    -96.23678472
  310    -96.23654856
   97    -96.23623214
   84    -96.23551702
  139    -96.23475325
  207    -96.23461749
  252    -96.23304922
  478    -96.23141515
  120    -96.22726608
  210    -96.22614298
   34    -96.22473370
  220    -96.20934111
   69    -96.20234508
  322    -96.19599211
  474    -96.18095645
  293    -96.17924360
   81    -96.17042440
  332    -96.16856567
  417    -96.16652646
    3    -96.16602094
  121    -96.16550906
  409    -96.15928195
  256    -96.15805752
   32    -96.15784593
  430    -96.15569174
  477    -96.15479702
  323    -96.14880806
  386    -96.14683256
  412    -96.14384584
  129    -96.14275695
  245    -96.13013192
  117    -96.12939757
   76    -96.12808398
  261    -96.11731888
  451    -96.10107238
  262    -96.09873878
  190    -96.09331836
  290    -96.08930801
  206    -96.08890675
   53    -96.08624677
   65    -96.07856940
   39    -96.05318074
   14    -96.01917326
   18    -95.99928533
  119    -95.99507213
  165    -95.99467394
  115    -95.99413904
  234    -95.90835270
  469    -95.89469666
   24    -95.88333014
   92    -95.85263406
  476    -95.81538721
  452    -95.76118422
  160    -95.72627452
  407    -91.91551031
  257      0.00000000
===============================================================

===== (^ _ ^) =====
Normal termination at Mon Feb 24 18:32:56 2020.
Total run time: 10950 seconds = 0 days 3 hours 2 minutes 30 seconds.
